53000.00000 -0.000002785766
53001.00000 -0.000002811995
53002.00000 -0.000002843123
53003.00000 -0.000002875532
53004.00000 -0.000002909788
53005.00000 -0.000002940655
53006.00000 -0.000002981941
53007.00000 -0.000003013285
53008.00000 -0.000003042803
53009.00000 -0.000003076027
53010.00000 -0.000003108547
53011.00000 -0.000003129275
53012.00000 -0.000003131675
53013.00000 -0.000003126581
53014.00000 -0.000003122375
53015.00000 -0.000003117570
53016.00000 -0.000003114724
53017.00000 -0.000003109000
53018.00000 -0.000003105426
53019.00000 -0.000003102985
53020.00000 -0.000003097023
53021.00000 -0.000003090567
53022.00000 -0.000003085313
53023.00000 -0.000003079127
53024.00000 -0.000003073316
53025.00000 -0.000004532190
53026.00000 -0.000004628615
53027.00000 -0.000003644281
53028.00000 -0.000003039064
53029.00000 -0.000003035983
53030.00000 -0.000003030516
53031.00000 -0.000003025326
53032.00000 -0.000003024038
53033.00000 -0.000003022471
53034.00000 -0.000003017026
53035.00000 -0.000003015827
53036.00000 -0.000002073884
53037.00000 -0.000000317016
53038.00000 -0.000000213472
53039.00000 -0.000000211108
53040.00000 -0.000000205852
53041.00000 -0.000000200045
53042.00000 -0.000000194037
53043.00000 -0.000000187469
53044.00000 -0.000000182509
53045.00000 -0.000000176643
53046.00000 -0.000000169100
53047.00000 -0.000000164327
53048.00000 -0.000000157800
53049.00000 -0.000000153300
53050.00000 -0.000000174229
53051.00000 -0.000000227092
53052.00000 -0.000000221813
53053.00000 -0.000000214938
53054.00000 -0.000000208637
53055.00000 -0.000000201936
53056.00000 -0.000000197148
53057.00000 -0.000000193179
53058.00000 -0.000000186515
53059.00000 -0.000000181019
53060.00000 -0.000000172025
53061.00000 -0.000000164318
53062.00000 -0.000000161774
53063.00000 -0.000000156082
53064.00000 -0.000000146596
53065.00000 -0.000000139572
53066.00000 -0.000000131833
53067.00000 -0.000000127075
53068.00000 -0.000000122092
53069.00000 -0.000000111371
53070.00000 -0.000000104192
53071.00000 -0.000000097539
53072.00000 -0.000000094500
53073.00000 -0.000000091504
53074.00000 -0.000000088291
53075.00000 -0.000000080737
53076.00000 -0.000000071122
53077.00000 -0.000000061270
53078.00000 -0.000000054622
53079.00000 -0.000000047582
53080.00000 -0.000000042439
53081.00000 -0.000000039016
53082.00000 -0.000000033602
53083.00000 -0.000000026212
53084.00000 -0.000000019320
53085.00000 -0.000000011376
53086.00000 -0.000000002916
53087.00000  0.000000001557
53088.00000  0.000000007036
53089.00000  0.000000013279
53090.00000  0.000000019209
53091.00000  0.000000029328
53092.00000  0.000000035482
53093.00000  0.000000039837
53094.00000  0.000000048225
53095.00000  0.000000056192
53096.00000  0.000000062360
53097.00000  0.000000070052
53098.00000  0.000000077730
53099.00000  0.000000084810
53100.00000  0.000000091909
53101.00000  0.000000097334
53102.00000  0.000000105314
53103.00000  0.000000111609
53104.00000  0.000000118313
53105.00000  0.000000127150
53106.00000  0.000000135747
53107.00000  0.000000143295
53108.00000  0.000000152243
53109.00000  0.000000162180
53110.00000  0.000000167664
53111.00000  0.000000172396
53112.00000  0.000000181269
53113.00000  0.000000191243
53114.00000  0.000000196818
53115.00000  0.000000203680
53116.00000  0.000000210542
53117.00000  0.000000217405
53118.00000  0.000000224267
53119.00000  0.000000231129
53120.00000  0.000000237991
53121.00000  0.000000244853
53122.00000  0.000000251715
53123.00000  0.000000257417
53124.00000  0.000000261407
53125.00000  0.000000270559
53126.00000  0.000000273436
53127.00000  0.000000279977
53128.00000  0.000000285466
53129.00000  0.000000292960
53130.00000  0.000000298278
53131.00000  0.000000304123
53132.00000  0.000000310396
53133.00000  0.000000315531
53134.00000  0.000000320932
53135.00000  0.000000330389
53136.00000  0.000000334855
53137.00000  0.000000340594
53138.00000  0.000000342578
53139.00000  0.000000345712
53140.00000  0.000000350610
53141.00000  0.000000359315
53142.00000  0.000000365034
53143.00000  0.000000368486
53144.00000  0.000000378022
53145.00000  0.000000378049
53146.00000  0.000000381712
53147.00000  0.000000386909
53148.00000  0.000000392681
53149.00000  0.000000397861
53150.00000  0.000000408029
53151.00000  0.000000413075
53152.00000  0.000000416057
53153.00000  0.000000419940
53154.00000  0.000000424519
53155.00000  0.000000434190
53156.00000  0.000000439980
53157.00000  0.000000447376
53158.00000  0.000000452688
53159.00000  0.000000458316
53160.00000  0.000000462390
53161.00000  0.000000466735
53162.00000  0.000000473660
53163.00000  0.000000480261
53164.00000  0.000000482495
53165.00000  0.000000487599
53166.00000  0.000000491539
53167.00000  0.000000493870
53168.00000  0.000000501472
53169.00000  0.000000507328
53170.00000  0.000000509959
53171.00000  0.000000512936
53172.00000  0.000000520794
53173.00000  0.000000524146
53174.00000  0.000000527401
53175.00000  0.000000527939
53176.00000  0.000000528810
53177.00000  0.000000533740
53178.00000  0.000000537109
53179.00000  0.000000544541
53180.00000  0.000000547287
53181.00000  0.000000554294
53182.00000  0.000000554882
53183.00000  0.000000557288
53184.00000  0.000000561943
53185.00000  0.000000566006
53186.00000  0.000000572684
53187.00000  0.000000568830
53188.00000  0.000000563801
53189.00000  0.000000562907
53190.00000  0.000000559957
53191.00000  0.000000553664
53192.00000  0.000000553285
53193.00000  0.000000552787
53194.00000  0.000000546243
53195.00000  0.000000542129
53196.00000  0.000000538520
53197.00000  0.000000536908
53198.00000  0.000000538325
53199.00000  0.000000541233
53200.00000  0.000000528626
53201.00000  0.000000524589
53202.00000  0.000000526582
53203.00000  0.000000519531
53204.00000  0.000000523694
53205.00000  0.000000520355
53206.00000  0.000000520977
53207.00000  0.000000517266
53208.00000  0.000000515826
53209.00000  0.000000506094
53210.00000  0.000000512567
53211.00000  0.000000508222
53212.00000  0.000000508841
53213.00000  0.000000496979
53214.00000  0.000000494018
53215.00000  0.000000488235
53216.00000  0.000000484155
53217.00000  0.000000483288
53218.00000  0.000000481090
53219.00000  0.000000471755
53220.00000  0.000000460935
53221.00000  0.000000457361
53222.00000  0.000000451292
53223.00000  0.000000441463
53224.00000  0.000000438587
53225.00000  0.000000433764
53226.00000  0.000000430654
53227.00000  0.000000424375
53228.00000  0.000000418111
53229.00000  0.000000414897
53230.00000  0.000000411125
53231.00000  0.000000404058
53232.00000  0.000000402159
53233.00000  0.000000393996
53234.00000  0.000000388621
53235.00000  0.000000383036
53236.00000  0.000000379060
53237.00000  0.000000375668
53238.00000  0.000000367765
53239.00000  0.000000367478
53240.00000  0.000000365164
53241.00000  0.000000358526
53242.00000  0.000000357139
53243.00000  0.000000354238
53244.00000  0.000000348112
53245.00000  0.000000343877
53246.00000  0.000000341960
53247.00000  0.000000336697
53248.00000  0.000000334779
53249.00000  0.000000327810
53250.00000  0.000000324827
53251.00000  0.000000322071
53252.00000  0.000000318721
53253.00000  0.000000315321
53254.00000  0.000000311000
53255.00000  0.000000307807
53256.00000  0.000000304490
53257.00000  0.000000299830
53258.00000  0.000000295920
53259.00000  0.000000290979
53260.00000  0.000000286576
53261.00000  0.000000284839
53262.00000  0.000000280761
53263.00000  0.000000281944
53264.00000  0.000000281281
53265.00000  0.000000277835
53266.00000  0.000000274206
53267.00000  0.000000271955
53268.00000  0.000000266014
53269.00000  0.000000262483
53270.00000  0.000000262153
53271.00000  0.000000259484
53272.00000  0.000000257320
53273.00000  0.000000250560
53274.00000  0.000000244717
53275.00000  0.000000243106
53276.00000  0.000000239976
53277.00000  0.000000234924
53278.00000  0.000000230544
53279.00000  0.000000226299
53280.00000  0.000000221295
53281.00000  0.000000218136
53282.00000  0.000000216325
53283.00000  0.000000212750
53284.00000  0.000000209762
53285.00000  0.000000205050
53286.00000  0.000000201068
53287.00000  0.000000199398
53288.00000  0.000000197618
53289.00000  0.000000194155
53290.00000  0.000000189102
53291.00000  0.000000186996
53292.00000  0.000000183838
53293.00000  0.000000184299
53294.00000  0.000000183870
53295.00000  0.000000180554
53296.00000  0.000000175240
53297.00000  0.000000169775
53298.00000  0.000000169628
53299.00000  0.000000169102
53300.00000  0.000000164431
53301.00000  0.000000161609
53302.00000  0.000000158354
53303.00000  0.000000156200
53304.00000  0.000000155811
53305.00000  0.000000152616
53306.00000  0.000000149133
53307.00000  0.000000147514
53308.00000  0.000000144980
53309.00000  0.000000144441
53310.00000  0.000000140278
53311.00000  0.000000135517
53312.00000  0.000000135056
53313.00000  0.000000134475
53314.00000  0.000000132458
53315.00000  0.000000128497
53316.00000  0.000000124133
53317.00000  0.000000119298
53318.00000  0.000000118029
53319.00000  0.000000118606
53320.00000  0.000000116121
53321.00000  0.000000117493
53322.00000  0.000000104516
53323.00000  0.000000098592
53324.00000  0.000000095447
53325.00000  0.000000094240
53326.00000  0.000000090529
53327.00000  0.000000087029
53328.00000  0.000000083037
53329.00000  0.000000082694
53330.00000  0.000000081070
53331.00000  0.000000081663
53332.00000  0.000000078877
53333.00000  0.000000073877
53334.00000  0.000000071670
53335.00000  0.000000071717
53336.00000  0.000000077241
53337.00000  0.000000075280
53338.00000  0.000000070803
53339.00000  0.000000068432
53340.00000  0.000000067814
53341.00000  0.000000068609
53342.00000  0.000000063862
53343.00000  0.000000058998
53344.00000  0.000000060138
53345.00000  0.000000057210
53346.00000  0.000000054582
53347.00000  0.000000048565
53348.00000  0.000000043988
53349.00000  0.000000038788
53350.00000  0.000000027118
53351.00000  0.000000022278
53352.00000  0.000000016083
53353.00000  0.000000011906
53354.00000  0.000000004449
53355.00000  0.000000003497
53356.00000  0.000000002415
53357.00000 -0.000000002643
53358.00000 -0.000000007965
53359.00000 -0.000000011798
53360.00000 -0.000000019139
53361.00000 -0.000000027911
53362.00000 -0.000000033535
53363.00000 -0.000000041233
53364.00000 -0.000000049448
53365.00000 -0.000000052796
53366.00000 -0.000000057161
53367.00000 -0.000000063736
53368.00000 -0.000000070696
53369.00000 -0.000000075976
53370.00000 -0.000000081726
53371.00000 -0.000000087141
53372.00000 -0.000000093490
53373.00000 -0.000000100620
53374.00000 -0.000000108195
53375.00000 -0.000000116277
53376.00000 -0.000000124676
53377.00000 -0.000000131566
53378.00000 -0.000000137298
53379.00000 -0.000000142334
53380.00000 -0.000000148259
53381.00000 -0.000000152806
53382.00000 -0.000000158411
53383.00000 -0.000000164314
53384.00000 -0.000000170020
53385.00000 -0.000000178304
53386.00000 -0.000000183489
53387.00000 -0.000000184252
53388.00000 -0.000000184324
53389.00000 -0.000000188821
53390.00000 -0.000000199442
53391.00000 -0.000000210520
53392.00000 -0.000000215891
53393.00000 -0.000000219386
53394.00000 -0.000000228440
53395.00000 -0.000000239122
53396.00000 -0.000000244923
53397.00000 -0.000000250073
53398.00000 -0.000000260967
53399.00000 -0.000000273816
53400.00000 -0.000000284590
53401.00000 -0.000000289534
53402.00000 -0.000000297300
53403.00000 -0.000000308321
53404.00000 -0.000000317470
53405.00000 -0.000000322491
53406.00000 -0.000000334433
53407.00000 -0.000000346670
53408.00000 -0.000000352772
53409.00000 -0.000000357498
53410.00000 -0.000000368475
53411.00000 -0.000000379538
53412.00000 -0.000000387696
53413.00000 -0.000000395529
53414.00000 -0.000000402592
53415.00000 -0.000000406121
53416.00000 -0.000000413155
53417.00000 -0.000000422613
53418.00000 -0.000000430765
53419.00000 -0.000000435800
53420.00000 -0.000000441734
53421.00000 -0.000000451008
53422.00000 -0.000000457897
53423.00000 -0.000000464237
53424.00000 -0.000000474109
53425.00000 -0.000000483290
53426.00000 -0.000000493396
53427.00000 -0.000000502491
53428.00000 -0.000000510557
53429.00000 -0.000000519167
53430.00000 -0.000000524645
53431.00000 -0.000000531797
53432.00000 -0.000000538450
53433.00000 -0.000000544385
53434.00000 -0.000000553429
53435.00000 -0.000000561957
53436.00000 -0.000000569374
53437.00000 -0.000000575953
53438.00000 -0.000000581316
53439.00000 -0.000000586093
53440.00000 -0.000000591392
53441.00000 -0.000000601340
53442.00000 -0.000000608249
53443.00000 -0.000000617376
53444.00000 -0.000000623950
53445.00000 -0.000000628566
53446.00000 -0.000000636568
53447.00000 -0.000000642304
53448.00000 -0.000000651597
53449.00000 -0.000000658590
53450.00000 -0.000000663450
53451.00000 -0.000000672744
53452.00000 -0.000000680089
53453.00000 -0.000000689154
53454.00000 -0.000000701263
53455.00000 -0.000000709992
53456.00000 -0.000000723671
53457.00000 -0.000000736041
53458.00000 -0.000000746576
53459.00000 -0.000000759139
53460.00000 -0.000000771571
53461.00000 -0.000000783201
53462.00000 -0.000000791059
53463.00000 -0.000000799224
53464.00000 -0.000000813146
53465.00000 -0.000000825932
53466.00000 -0.000000837703
53467.00000 -0.000000846181
53468.00000 -0.000000853399
53469.00000 -0.000000865871
53470.00000 -0.000000877054
53471.00000 -0.000000888380
53472.00000 -0.000000901800
53473.00000 -0.000000913905
53474.00000 -0.000000919513
53475.00000 -0.000000928769
53476.00000 -0.000000942872
53477.00000 -0.000000955428
53478.00000 -0.000000963246
53479.00000 -0.000000976396
53480.00000 -0.000000990358
53481.00000 -0.000001000761
53482.00000 -0.000001010890
53483.00000 -0.000001022899
53484.00000 -0.000001032729
53485.00000 -0.000001043434
53486.00000 -0.000001055334
53487.00000 -0.000001069316
53488.00000 -0.000001081611
53489.00000 -0.000001088907
53490.00000 -0.000001102651
53491.00000 -0.000001112718
53492.00000 -0.000001123182
53493.00000 -0.000001137728
53494.00000 -0.000001150189
53495.00000 -0.000001163263
53496.00000 -0.000001174188
53497.00000 -0.000001188064
53498.00000 -0.000001204005
53499.00000 -0.000001212940
53500.00000 -0.000001224023
53501.00000 -0.000001236605
53502.00000 -0.000001250667
53503.00000 -0.000001262040
53504.00000 -0.000001271862
53505.00000 -0.000001290777
53506.00000 -0.000001304926
53507.00000 -0.000001310513
53508.00000 -0.000001325339
53509.00000 -0.000001341241
53510.00000 -0.000001348534
53511.00000 -0.000001363304
53512.00000 -0.000001371312
53513.00000 -0.000001385442
53514.00000 -0.000001396068
53515.00000 -0.000001409119
53516.00000 -0.000001419941
53517.00000 -0.000001431490
53518.00000 -0.000001445360
53519.00000 -0.000001456791
53520.00000 -0.000001468733
53521.00000 -0.000001473423
53522.00000 -0.000001482376
53523.00000 -0.000001494395
53524.00000 -0.000001507318
53525.00000 -0.000001516694
53526.00000 -0.000001529711
53527.00000 -0.000001541914
53528.00000 -0.000001552809
53529.00000 -0.000001563337
53530.00000 -0.000001572844
53531.00000 -0.000001586768
53532.00000 -0.000001597968
53533.00000 -0.000001608333
53534.00000 -0.000001618105
53535.00000 -0.000001630219
53536.00000 -0.000001645144
53537.00000 -0.000001657207
53538.00000 -0.000001671738
53539.00000 -0.000001684024
53540.00000 -0.000001703324
53541.00000 -0.000001714420
53542.00000 -0.000001721870
53543.00000 -0.000001736437
53544.00000 -0.000001748329
53545.00000 -0.000001737590
53546.00000 -0.000001732269
53547.00000 -0.000001728904
53548.00000 -0.000001724059
53549.00000 -0.000001720095
53550.00000 -0.000001719042
53551.00000 -0.000001712504
53552.00000 -0.000001710718
53553.00000 -0.000001711861
53554.00000 -0.000001700990
53555.00000 -0.000001694714
53556.00000 -0.000001689613
53557.00000 -0.000001685577
53558.00000 -0.000001680755
53559.00000 -0.000001677514
53560.00000 -0.000001674650
53561.00000 -0.000001669795
53562.00000 -0.000001662098
53563.00000 -0.000001657630
53564.00000 -0.000001652816
53565.00000 -0.000001649600
53566.00000 -0.000001647459
53567.00000 -0.000001643395
53568.00000 -0.000001640090
53569.00000 -0.000001635039
53570.00000 -0.000001628333
53571.00000 -0.000001622650
53572.00000 -0.000001617808
53573.00000 -0.000001613829
53574.00000 -0.000001610300
53575.00000 -0.000001604727
53576.00000 -0.000001602928
53577.00000 -0.000001602317
53578.00000 -0.000001596432
53579.00000 -0.000001591786
53580.00000 -0.000001588297
53581.00000 -0.000001581619
53582.00000 -0.000001575787
53583.00000 -0.000001574591
53584.00000 -0.000001570752
53585.00000 -0.000001565688
53586.00000 -0.000001561395
53587.00000 -0.000001555239
53588.00000 -0.000001552215
53589.00000 -0.000001548073
53590.00000 -0.000001541251
53591.00000 -0.000001536119
53592.00000 -0.000001535002
53593.00000 -0.000001532303
53594.00000 -0.000001528472
53595.00000 -0.000001526454
53596.00000 -0.000001518918
53597.00000 -0.000001514232
53598.00000 -0.000001514206
53599.00000 -0.000001509139
53600.00000 -0.000001502468
53601.00000 -0.000001500459
53602.00000 -0.000001496934
53603.00000 -0.000001490961
53604.00000 -0.000001488392
53605.00000 -0.000001487697
53606.00000 -0.000001485011
53607.00000 -0.000001475850
53608.00000 -0.000001469238
53609.00000 -0.000001468591
53610.00000 -0.000001465641
53611.00000 -0.000001459559
53612.00000 -0.000001456405
53613.00000 -0.000001456559
53614.00000 -0.000001452454
53615.00000 -0.000001449278
53616.00000 -0.000001448887
53617.00000 -0.000001445303
53618.00000 -0.000001439968
53619.00000 -0.000001435691
53620.00000 -0.000001433837
53621.00000 -0.000001433618
53622.00000 -0.000001433265
53623.00000 -0.000001433301
53624.00000 -0.000001434716
53625.00000 -0.000001430755
53626.00000 -0.000001427516
53627.00000 -0.000001427628
53628.00000 -0.000001426152
53629.00000 -0.000001427797
53630.00000 -0.000001427195
53631.00000 -0.000001425235
53632.00000 -0.000001423970
53633.00000 -0.000001421958
53634.00000 -0.000001419786
53635.00000 -0.000001418630
53636.00000 -0.000001417602
53637.00000 -0.000001416444
53638.00000 -0.000001416524
53639.00000 -0.000001418302
53640.00000 -0.000001414777
53641.00000 -0.000001414713
53642.00000 -0.000001416821
53643.00000 -0.000001418807
53644.00000 -0.000001420406
53645.00000 -0.000001422953
53646.00000 -0.000001426273
53647.00000 -0.000001428696
53648.00000 -0.000001430422
53649.00000 -0.000001433053
53650.00000 -0.000001433087
53651.00000 -0.000001436329
53652.00000 -0.000001440914
53653.00000 -0.000001443847
53654.00000 -0.000001445474
53655.00000 -0.000001445566
53656.00000 -0.000001447731
53657.00000 -0.000001449884
53658.00000 -0.000001452472
53659.00000 -0.000001452148
53660.00000 -0.000001451552
53661.00000 -0.000001451988
53662.00000 -0.000001452601
53663.00000 -0.000001454990
53664.00000 -0.000001456368
53665.00000 -0.000001459587
53666.00000 -0.000001464129
53667.00000 -0.000001469344
53668.00000 -0.000001473909
53669.00000 -0.000001475848
53670.00000 -0.000001476307
53671.00000 -0.000001477109
53672.00000 -0.000001480821
53673.00000 -0.000001483616
53674.00000 -0.000001485141
53675.00000 -0.000001486976
53676.00000 -0.000001487434
53677.00000 -0.000001489254
53678.00000 -0.000001490279
53679.00000 -0.000001490529
53680.00000 -0.000001492343
53681.00000 -0.000002822462
53682.00000 -0.000003167331
53683.00000 -0.000001493232
53684.00000 -0.000001498290
53685.00000 -0.000001500940
53686.00000 -0.000001502778
53687.00000 -0.000001504053
53688.00000 -0.000001504009
53689.00000 -0.000001504175
53690.00000 -0.000001504108
53691.00000 -0.000001503749
53692.00000 -0.000001504135
53693.00000 -0.000001508390
53694.00000 -0.000001514039
53695.00000 -0.000001517444
53696.00000 -0.000001517614
53697.00000 -0.000001520591
53698.00000 -0.000001523623
53699.00000 -0.000001526884
53700.00000 -0.000001532337
53701.00000 -0.000001541713
53702.00000 -0.000001547452
53703.00000 -0.000001548120
53704.00000 -0.000001551635
53705.00000 -0.000001556129
53706.00000 -0.000001559495
53707.00000 -0.000001561015
53708.00000 -0.000001565749
53709.00000 -0.000001568300
53710.00000 -0.000001570396
53711.00000 -0.000001571012
53712.00000 -0.000001572477
53713.00000 -0.000001578236
53714.00000 -0.000001582809
53715.00000 -0.000001584647
53716.00000 -0.000001588328
53717.00000 -0.000001599493
53718.00000 -0.000001605888
53719.00000 -0.000001607802
53720.00000 -0.000001609977
53721.00000 -0.000001615698
53722.00000 -0.000001620901
53723.00000 -0.000001627158
53724.00000 -0.000001632809
53725.00000 -0.000001634964
53726.00000 -0.000001633216
53727.00000 -0.000001635421
53728.00000 -0.000001641551
53729.00000 -0.000001644976
53730.00000 -0.000001647374
53731.00000 -0.000001651255
53732.00000 -0.000001655213
53733.00000 -0.000001657931
53734.00000 -0.000001660931
53735.00000 -0.000001663457
53736.00000 -0.000001667342
53737.00000 -0.000001671080
53738.00000 -0.000001674977
53739.00000 -0.000001678844
53740.00000 -0.000001683594
53741.00000 -0.000001687934
53742.00000 -0.000001690210
53743.00000 -0.000001691452
53744.00000 -0.000001691538
53745.00000 -0.000001693973
53746.00000 -0.000001699332
53747.00000 -0.000001703402
53748.00000 -0.000001708905
53749.00000 -0.000001714309
53750.00000 -0.000001718502
53751.00000 -0.000001721711
53752.00000 -0.000001723676
53753.00000 -0.000001726858
53754.00000 -0.000001729593
53755.00000 -0.000001731141
53756.00000 -0.000001733210
53757.00000 -0.000001732590
53758.00000 -0.000001732236
53759.00000 -0.000001735207
53760.00000 -0.000001739632
53761.00000 -0.000001744843
53762.00000 -0.000001747922
53763.00000 -0.000001750242
53764.00000 -0.000001755950
53765.00000 -0.000001762050
53766.00000 -0.000001767519
53767.00000 -0.000001770522
53768.00000 -0.000001767601
53769.00000 -0.000001762636
53770.00000 -0.000001759236
53771.00000 -0.000001755179
53772.00000 -0.000001749077
53773.00000 -0.000001741411
53774.00000 -0.000001736640
53775.00000 -0.000001730970
53776.00000 -0.000001726458
53777.00000 -0.000001723508
53778.00000 -0.000001717066
53779.00000 -0.000001711166
53780.00000 -0.000001706378
53781.00000 -0.000001701415
53782.00000 -0.000001693153
53783.00000 -0.000001681736
53784.00000 -0.000001679429
53785.00000 -0.000001681290
53786.00000 -0.000001677815
53787.00000 -0.000001669804
53788.00000 -0.000001662609
53789.00000 -0.000001657070
53790.00000 -0.000001650748
53791.00000 -0.000001642996
53792.00000 -0.000001637248
53793.00000 -0.000001630603
53794.00000 -0.000001624249
53795.00000 -0.000001618749
53796.00000 -0.000001612156
53797.00000 -0.000001607130
53798.00000 -0.000001598128
53799.00000 -0.000001589719
53800.00000 -0.000001582813
53801.00000 -0.000001578527
53802.00000 -0.000001571794
53803.00000 -0.000001564606
53804.00000 -0.000001560752
53805.00000 -0.000001557496
53806.00000 -0.000001551909
53807.00000 -0.000001545141
53808.00000 -0.000001538960
53809.00000 -0.000001536748
53810.00000 -0.000001534488
53811.00000 -0.000001527560
53812.00000 -0.000001519648
53813.00000 -0.000001515092
53814.00000 -0.000001508443
53815.00000 -0.000001501827
53816.00000 -0.000001495767
53817.00000 -0.000001490700
53818.00000 -0.000001485034
53819.00000 -0.000001481128
53820.00000 -0.000001471402
53821.00000 -0.000001465930
53822.00000 -0.000001462018
53823.00000 -0.000001457259
53824.00000 -0.000001450487
53825.00000 -0.000001436370
53826.00000 -0.000001430994
53827.00000 -0.000001425244
53828.00000 -0.000001420359
53829.00000 -0.000001418329
53830.00000 -0.000001411099
53831.00000 -0.000001405573
53832.00000 -0.000001400490
53833.00000 -0.000001394002
53834.00000 -0.000001391888
53835.00000 -0.000001389982
53836.00000 -0.000001383377
53837.00000 -0.000001380368
53838.00000 -0.000001374692
53839.00000 -0.000001375535
53840.00000 -0.000001366678
53841.00000 -0.000001359971
53842.00000 -0.000001356411
53843.00000 -0.000001353165
53844.00000 -0.000001348730
53845.00000 -0.000001344841
53846.00000 -0.000001341903
53847.00000 -0.000001338186
53848.00000 -0.000001330401
53849.00000 -0.000001324755
53850.00000 -0.000001320906
53851.00000 -0.000001318529
53852.00000 -0.000001313382
53853.00000 -0.000001310958
53854.00000 -0.000001305650
53855.00000 -0.000001301920
53856.00000 -0.000001299049
53857.00000 -0.000001296866
53858.00000 -0.000001293944
53859.00000 -0.000001289265
53860.00000 -0.000001287429
53861.00000 -0.000001280268
53862.00000 -0.000001277287
53863.00000 -0.000001274257
53864.00000 -0.000001270782
53865.00000 -0.000001265269
53866.00000 -0.000001263211
53867.00000 -0.000001257660
53868.00000 -0.000001251765
53869.00000 -0.000001247679
53870.00000 -0.000001242439
53871.00000 -0.000001238394
53872.00000 -0.000001237162
53873.00000 -0.000001231191
53874.00000 -0.000001227056
53875.00000 -0.000001224994
53876.00000 -0.000001217882
53877.00000 -0.000001211676
53878.00000 -0.000001209664
53879.00000 -0.000001205558
53880.00000 -0.000001205198
53881.00000 -0.000001198112
53882.00000 -0.000001192320
53883.00000 -0.000001192201
53884.00000 -0.000001189622
53885.00000 -0.000001183792
53886.00000 -0.000001180630
53887.00000 -0.000001176992
53888.00000 -0.000001176813
53889.00000 -0.000001172326
53890.00000 -0.000001168573
53891.00000 -0.000001162109
53892.00000 -0.000001158778
53893.00000 -0.000001153876
53894.00000 -0.000001150867
53895.00000 -0.000001146028
53896.00000 -0.000001142316
53897.00000 -0.000001138593
53898.00000 -0.000001137074
53899.00000 -0.000001132203
53900.00000 -0.000001126941
53901.00000 -0.000001123067
53902.00000 -0.000001114679
53903.00000 -0.000001108927
53904.00000 -0.000001104806
53905.00000 -0.000001101797
53906.00000 -0.000001097110
53907.00000 -0.000001091235
53908.00000 -0.000001087960
53909.00000 -0.000001090790
53910.00000 -0.000001087376
53911.00000 -0.000001084851
53912.00000 -0.000001079829
53913.00000 -0.000001075275
53914.00000 -0.000001072461
53915.00000 -0.000001066751
53916.00000 -0.000001062062
53917.00000 -0.000001059454
53918.00000 -0.000001055062
53919.00000 -0.000001051051
53920.00000 -0.000001050874
53921.00000 -0.000001049484
53922.00000 -0.000001043901
53923.00000 -0.000001037928
53924.00000 -0.000001032732
53925.00000 -0.000001027156
53926.00000 -0.000001022003
53927.00000 -0.000001019213
53928.00000 -0.000001017864
53929.00000 -0.000001013503
53930.00000 -0.000001005536
53931.00000 -0.000001003401
53932.00000 -0.000001003805
53933.00000 -0.000001003083
53934.00000 -0.000001003042
53935.00000 -0.000000996041
53936.00000 -0.000000991504
53937.00000 -0.000000984147
53938.00000 -0.000000978986
53939.00000 -0.000000975515
53940.00000 -0.000000972867
53941.00000 -0.000000969412
53942.00000 -0.000000965496
53943.00000 -0.000000960955
53944.00000 -0.000000957600
53945.00000 -0.000000952140
53946.00000 -0.000000945787
53947.00000 -0.000000943500
53948.00000 -0.000000940467
53949.00000 -0.000000935891
53950.00000 -0.000000932434
53951.00000 -0.000000926847
53952.00000 -0.000000922474
53953.00000 -0.000000920215
53954.00000 -0.000000915827
53955.00000 -0.000000906982
53956.00000 -0.000000902480
53957.00000 -0.000000898063
53958.00000 -0.000000893678
53959.00000 -0.000000886175
53960.00000 -0.000000880051
53961.00000 -0.000000878618
53962.00000 -0.000000872573
53963.00000 -0.000000867920
53964.00000 -0.000000867078
53965.00000 -0.000000864916
53966.00000 -0.000000859024
53967.00000 -0.000000853001
53968.00000 -0.000000847052
53969.00000 -0.000000842629
53970.00000 -0.000000840626
53971.00000 -0.000000837666
53972.00000 -0.000000834355
53973.00000 -0.000000832096
53974.00000 -0.000000829629
53975.00000 -0.000000827772
53976.00000 -0.000000823766
53977.00000 -0.000000819323
53978.00000 -0.000000814531
53979.00000 -0.000000809098
53980.00000 -0.000000805550
53981.00000 -0.000000804713
53982.00000 -0.000000803433
53983.00000 -0.000000798707
53984.00000 -0.000000793651
53985.00000 -0.000000791549
53986.00000 -0.000000790332
53987.00000 -0.000000788667
53988.00000 -0.000000783735
53989.00000 -0.000000780409
53990.00000 -0.000000777092
53991.00000 -0.000000770326
53992.00000 -0.000000764350
53993.00000 -0.000000760677
53994.00000 -0.000000756725
53995.00000 -0.000000753370
53996.00000 -0.000000749740
53997.00000 -0.000000744725
53998.00000 -0.000000740770
53999.00000 -0.000000740518
54000.00000 -0.000000740542
