53000.00000 -0.000002712100
53001.00000 -0.000002739900
53002.00000 -0.000002767900
53003.00000 -0.000002802100
53004.00000 -0.000002830100
53005.00000 -0.000002864760
53006.00000 -0.000002898020
53007.00000 -0.000002929680
53008.00000 -0.000002963640
53009.00000 -0.000003001800
53010.00000 -0.000003037900
53011.00000 -0.000003053300
53012.00000 -0.000003047100
53013.00000 -0.000003046300
53014.00000 -0.000003038500
53015.00000 -0.000003037420
53016.00000 -0.000003035940
53017.00000 -0.000003032060
53018.00000 -0.000003032080
53019.00000 -0.000003025200
53020.00000 -0.000003021380
53021.00000 -0.000003023360
53022.00000 -0.000003012240
53023.00000 -0.000003002220
53024.00000 -0.000002994400
53025.00000 -0.000002991140
53026.00000 -0.000002978280
53027.00000 -0.000002969920
53028.00000 -0.000002959460
53029.00000 -0.000002959000
53030.00000 -0.000002957120
53031.00000 -0.000002958440
53032.00000 -0.000002951460
53033.00000 -0.000002946880
53034.00000 -0.000002941300
53035.00000 -0.000002930900
53036.00000 -0.000002605300
53037.00000 -0.000000146100
53038.00000 -0.000000139200
53039.00000 -0.000000139400
53040.00000 -0.000000134160
53041.00000 -0.000000124420
53042.00000 -0.000000118880
53043.00000 -0.000000110940
53044.00000 -0.000000100300
53045.00000 -0.000000094180
53046.00000 -0.000000087060
53047.00000 -0.000000082140
53048.00000 -0.000000080120
53049.00000 -0.000000080700
53050.00000 -0.000000091340
53051.00000 -0.000000139980
53052.00000 -0.000000136920
53053.00000 -0.000000133260
53054.00000 -0.000000135400
53055.00000 -0.000000124500
53056.00000 -0.000000118900
53057.00000 -0.000000110000
53058.00000 -0.000000106500
53059.00000 -0.000000109700
53060.00000 -0.000000106900
53061.00000 -0.000000090100
53062.00000 -0.000000080800
53063.00000 -0.000000073400
53064.00000 -0.000000068300
53065.00000 -0.000000062160
53066.00000 -0.000000049720
53067.00000 -0.000000042880
53068.00000 -0.000000036440
53069.00000 -0.000000034300
53070.00000 -0.000000026420
53071.00000 -0.000000025840
53072.00000 -0.000000020060
53073.00000 -0.000000016580
53074.00000 -0.000000010900
53075.00000  0.000000000460
53076.00000  0.000000006420
53077.00000  0.000000011080
53078.00000  0.000000018340
53079.00000  0.000000025700
53080.00000  0.000000039440
53081.00000  0.000000041880
53082.00000  0.000000054920
53083.00000  0.000000057060
53084.00000  0.000000061800
53085.00000  0.000000070760
53086.00000  0.000000082820
53087.00000  0.000000087080
53088.00000  0.000000093140
53089.00000  0.000000095900
53090.00000  0.000000098400
53091.00000  0.000000105300
53092.00000  0.000000116700
53093.00000  0.000000121300
53094.00000  0.000000127600
53095.00000  0.000000131720
53096.00000  0.000000138540
53097.00000  0.000000146260
53098.00000  0.000000151480
53099.00000  0.000000163800
53100.00000  0.000000165680
53101.00000  0.000000175760
53102.00000  0.000000185340
53103.00000  0.000000191820
53104.00000  0.000000199100
53105.00000  0.000000207620
53106.00000  0.000000220740
53107.00000  0.000000225260
53108.00000  0.000000225780
53109.00000  0.000000239600
53110.00000  0.000000248200
53111.00000  0.000000259000
53112.00000  0.000000266200
53113.00000  0.000000278300
53114.00000  0.000000280000
53115.00000  0.000000288120
53116.00000  0.000000288140
53117.00000  0.000000297460
53118.00000  0.000000307280
53119.00000  0.000000314200
53120.00000  0.000000320180
53121.00000  0.000000329060
53122.00000  0.000000334840
53123.00000  0.000000340420
53124.00000  0.000000338800
53125.00000  0.000000344360
53126.00000  0.000000348520
53127.00000  0.000000353980
53128.00000  0.000000363540
53129.00000  0.000000366800
53130.00000  0.000000373040
53131.00000  0.000000384780
53132.00000  0.000000395920
53133.00000  0.000000397160
53134.00000  0.000000396000
53135.00000  0.000000400740
53136.00000  0.000000411080
53137.00000  0.000000417820
53138.00000  0.000000420660
53139.00000  0.000000424700
53140.00000  0.000000431280
53141.00000  0.000000433860
53142.00000  0.000000439740
53143.00000  0.000000443220
53144.00000  0.000000449800
53145.00000  0.000000456340
53146.00000  0.000000460780
53147.00000  0.000000461820
53148.00000  0.000000466560
53149.00000  0.000000473900
53150.00000  0.000000483620
53151.00000  0.000000487940
53152.00000  0.000000490360
53153.00000  0.000000491780
53154.00000  0.000000501500
53155.00000  0.000000507260
53156.00000  0.000000509620
53157.00000  0.000000508580
53158.00000  0.000000516340
53159.00000  0.000000529000
53160.00000  0.000000537700
53161.00000  0.000000539500
53162.00000  0.000000540600
53163.00000  0.000000552900
53164.00000  0.000000559100
53165.00000  0.000000560120
53166.00000  0.000000568340
53167.00000  0.000000571660
53168.00000  0.000000575980
53169.00000  0.000000579000
53170.00000  0.000000592040
53171.00000  0.000000592380
53172.00000  0.000000589020
53173.00000  0.000000597760
53174.00000  0.000000596100
53175.00000  0.000000598680
53176.00000  0.000000601060
53177.00000  0.000000602040
53178.00000  0.000000610820
53179.00000  0.000000606100
53180.00000  0.000000613680
53181.00000  0.000000618360
53182.00000  0.000000619840
53183.00000  0.000000627420
53184.00000  0.000000631100
53185.00000  0.000000640040
53186.00000  0.000000647680
53187.00000  0.000000643220
53188.00000  0.000000644960
53189.00000  0.000000644700
53190.00000  0.000000636260
53191.00000  0.000000631020
53192.00000  0.000000630380
53193.00000  0.000000626840
53194.00000  0.000000625400
53195.00000  0.000000625300
53196.00000  0.000000621500
53197.00000  0.000000611200
53198.00000  0.000000606100
53199.00000  0.000000613700
53200.00000  0.000000607680
53201.00000  0.000000609860
53202.00000  0.000000603540
53203.00000  0.000000611520
53204.00000  0.000000620300
53205.00000  0.000000597880
53206.00000  0.000000600560
53207.00000  0.000000590740
53208.00000  0.000000595420
53209.00000  0.000000586900
53210.00000  0.000000580540
53211.00000  0.000000585680
53212.00000  0.000000581220
53213.00000  0.000000574660
53214.00000  0.000000574500
53215.00000  0.000000569980
53216.00000  0.000000557960
53217.00000  0.000000554340
53218.00000  0.000000553720
53219.00000  0.000000547100
53220.00000  0.000000541540
53221.00000  0.000000527880
53222.00000  0.000000529020
53223.00000  0.000000523460
53224.00000  0.000000512400
53225.00000  0.000000504600
53226.00000  0.000000501000
53227.00000  0.000000503700
53228.00000  0.000000496100
53229.00000  0.000000492700
53230.00000  0.000000487160
53231.00000  0.000000473820
53232.00000  0.000000467980
53233.00000  0.000000467540
53234.00000  0.000000470100
53235.00000  0.000000465480
53236.00000  0.000000467460
53237.00000  0.000000460240
53238.00000  0.000000451720
53239.00000  0.000000444300
53240.00000  0.000000436420
53241.00000  0.000000430140
53242.00000  0.000000427960
53243.00000  0.000000428280
53244.00000  0.000000426700
53245.00000  0.000000420660
53246.00000  0.000000415020
53247.00000  0.000000413780
53248.00000  0.000000411140
53249.00000  0.000000406100
53250.00000  0.000000408460
53251.00000  0.000000402020
53252.00000  0.000000385980
53253.00000  0.000000387640
53254.00000  0.000000386400
53255.00000  0.000000377920
53256.00000  0.000000367140
53257.00000  0.000000364560
53258.00000  0.000000369280
53259.00000  0.000000373500
53260.00000  0.000000370940
53261.00000  0.000000372080
53262.00000  0.000000366120
53263.00000  0.000000368660
53264.00000  0.000000363200
53265.00000  0.000000352580
53266.00000  0.000000343460
53267.00000  0.000000340540
53268.00000  0.000000345020
53269.00000  0.000000349100
53270.00000  0.000000343420
53271.00000  0.000000339540
53272.00000  0.000000332960
53273.00000  0.000000329280
53274.00000  0.000000327500
53275.00000  0.000000327360
53276.00000  0.000000320820
53277.00000  0.000000316380
53278.00000  0.000000309540
53279.00000  0.000000304600
53280.00000  0.000000300400
53281.00000  0.000000294900
53282.00000  0.000000289800
53283.00000  0.000000285400
53284.00000  0.000000288400
53285.00000  0.000000287700
53286.00000  0.000000282800
53287.00000  0.000000280400
53288.00000  0.000000277500
53289.00000  0.000000280200
53290.00000  0.000000278300
53291.00000  0.000000276000
53292.00000  0.000000272400
53293.00000  0.000000264300
53294.00000  0.000000264000
53295.00000  0.000000267560
53296.00000  0.000000263520
53297.00000  0.000000212780
53298.00000  0.000000333640
53299.00000  0.000000250500
53300.00000  0.000000280860
53301.00000  0.000000245620
53302.00000  0.000000247280
53303.00000  0.000000240340
53304.00000  0.000000237500
53305.00000  0.000000231700
53306.00000  0.000000222900
53307.00000  0.000000223600
53308.00000  0.000000226300
53309.00000  0.000000226500
53310.00000  0.000000224900
53311.00000  0.000000284800
53312.00000  0.000000207200
53313.00000  0.000000206500
53314.00000  0.000000204000
53315.00000  0.000000202120
53316.00000  0.000000196540
53317.00000  0.000000197560
53318.00000  0.000000194180
53319.00000  0.000000190700
53320.00000  0.000000191620
53321.00000  0.000000183240
53322.00000  0.000000178060
53323.00000  0.000000175380
53324.00000  0.000000175500
53325.00000  0.000000171660
53326.00000  0.000000163020
53327.00000  0.000000165980
53328.00000  0.000000172440
53329.00000  0.000000163300
53330.00000  0.000000165000
53331.00000  0.000000167700
53332.00000  0.000000167300
53333.00000  0.000000165700
53334.00000  0.000000162000
53335.00000  0.000000159600
53336.00000  0.000000159500
53337.00000  0.000000157200
53338.00000  0.000000156000
53339.00000  0.000000149700
53340.00000  0.000000145080
53341.00000  0.000000138060
53342.00000  0.000000142840
53343.00000  0.000000148620
53344.00000  0.000000141200
53345.00000  0.000000138480
53346.00000  0.000000132960
53347.00000  0.000000125540
53348.00000  0.000000120720
53349.00000  0.000000114100
53350.00000  0.000000110160
53351.00000  0.000000105120
53352.00000  0.000000098980
53353.00000  0.000000092040
53354.00000  0.000000084700
53355.00000  0.000000083780
53356.00000  0.000000079160
53357.00000  0.000000075040
53358.00000  0.000000070620
53359.00000  0.000000065900
53360.00000  0.000000065320
53361.00000  0.000000059440
53362.00000  0.000000050360
53363.00000  0.000000043080
53364.00000  0.000000036900
53365.00000  0.000000033540
53366.00000  0.000000022480
53367.00000  0.000000020220
53368.00000  0.000000017360
53369.00000  0.000000013800
53370.00000  0.000000010340
53371.00000  0.000000001880
53372.00000 -0.000000007780
53373.00000 -0.000000014440
53374.00000 -0.000000031600
53375.00000 -0.000000038900
53376.00000 -0.000000043900
53377.00000 -0.000000048400
53378.00000 -0.000000056000
53379.00000 -0.000000063100
53380.00000 -0.000000064940
53381.00000 -0.000000064580
53382.00000 -0.000000070320
53383.00000 -0.000000077160
53384.00000 -0.000000081900
53385.00000 -0.000000085880
53386.00000 -0.000000090060
53387.00000 -0.000000104940
53388.00000 -0.000000113020
53389.00000 -0.000000119400
53390.00000 -0.000000130980
53391.00000 -0.000000145360
53392.00000 -0.000000152940
53393.00000 -0.000000158020
53394.00000 -0.000000156100
53395.00000 -0.000000160680
53396.00000 -0.000000165860
53397.00000 -0.000000171140
53398.00000 -0.000000178820
53399.00000 -0.000000182400
53400.00000 -0.000000192980
53401.00000 -0.000000202060
53402.00000 -0.000000215140
53403.00000 -0.000000223520
53404.00000 -0.000000236600
53405.00000 -0.000000243220
53406.00000 -0.000000250840
53407.00000 -0.000000261160
53408.00000 -0.000000272880
53409.00000 -0.000000279200
53410.00000 -0.000000288980
53411.00000 -0.000000297860
53412.00000 -0.000000305640
53413.00000 -0.000000314220
53414.00000 -0.000000321700
53415.00000 -0.000000322680
53416.00000 -0.000000331360
53417.00000 -0.000000333240
53418.00000 -0.000000338420
53419.00000 -0.000000356500
53420.00000 -0.000000365480
53421.00000 -0.000000371860
53422.00000 -0.000000391240
53423.00000 -0.000000394620
53424.00000 -0.000000398600
53425.00000 -0.000000403320
53426.00000 -0.000000410040
53427.00000 -0.000000416160
53428.00000 -0.000000429980
53429.00000 -0.000000430200
53430.00000 -0.000000431560
53431.00000 -0.000000442320
53432.00000 -0.000000455180
53433.00000 -0.000000463740
53434.00000 -0.000000469700
53435.00000 -0.000000476380
53436.00000 -0.000000486960
53437.00000 -0.000000499840
53438.00000 -0.000000502220
53439.00000 -0.000000503100
53440.00000 -0.000000505480
53441.00000 -0.000000514560
53442.00000 -0.000000524540
53443.00000 -0.000000533420
53444.00000 -0.000000539700
53445.00000 -0.000000546620
53446.00000 -0.000000552940
53447.00000 -0.000000557460
53448.00000 -0.000000562680
53449.00000 -0.000000572200
53450.00000 -0.000000572600
53451.00000 -0.000000584600
53452.00000 -0.000000595000
53453.00000 -0.000000603700
53454.00000 -0.000000617000
53455.00000 -0.000000635140
53456.00000 -0.000000646680
53457.00000 -0.000000654920
53458.00000 -0.000000664460
53459.00000 -0.000000675400
53460.00000 -0.000000684360
53461.00000 -0.000000699720
53462.00000 -0.000000708780
53463.00000 -0.000000720440
53464.00000 -0.000000734200
53465.00000 -0.000000737520
53466.00000 -0.000000746740
53467.00000 -0.000000764160
53468.00000 -0.000000774080
53469.00000 -0.000000782000
53470.00000 -0.000000794540
53471.00000 -0.000000811980
53472.00000 -0.000000819620
53473.00000 -0.000000826460
53474.00000 -0.000000841400
53475.00000 -0.000000855660
53476.00000 -0.000000864220
53477.00000 -0.000000878380
53478.00000 -0.000000892240
53479.00000 -0.000000893800
53480.00000 -0.000000905760
53481.00000 -0.000000911120
53482.00000 -0.000000925080
53483.00000 -0.000000940040
53484.00000 -0.000000954300
53485.00000 -0.000000959880
53486.00000 -0.000000970360
53487.00000 -0.000000986040
53488.00000 -0.000000998920
53489.00000 -0.000001011100
53490.00000 -0.000001023180
53491.00000 -0.000001029460
53492.00000 -0.000001039340
53493.00000 -0.000001054820
53494.00000 -0.000001068000
53495.00000 -0.000001081040
53496.00000 -0.000001097280
53497.00000 -0.000001107120
53498.00000 -0.000001115860
53499.00000 -0.000001129800
53500.00000 -0.000001143780
53501.00000 -0.000001155660
53502.00000 -0.000001163440
53503.00000 -0.000001176120
53504.00000 -0.000001190600
53505.00000 -0.000001205160
53506.00000 -0.000001220120
53507.00000 -0.000001233680
53508.00000 -0.000001241640
53509.00000 -0.000001257700
53510.00000 -0.000001272380
53511.00000 -0.000001283760
53512.00000 -0.000001296840
53513.00000 -0.000001306520
53514.00000 -0.000001320500
53515.00000 -0.000001329540
53516.00000 -0.000001340380
53517.00000 -0.000001353520
53518.00000 -0.000001360660
53519.00000 -0.000001375200
53520.00000 -0.000001385360
53521.00000 -0.000001398120
53522.00000 -0.000001408480
53523.00000 -0.000001416340
53524.00000 -0.000001430800
53525.00000 -0.000001435460
53526.00000 -0.000001447020
53527.00000 -0.000001459480
53528.00000 -0.000001470240
53529.00000 -0.000001481300
53530.00000 -0.000001495420
53531.00000 -0.000001510340
53532.00000 -0.000001520660
53533.00000 -0.000001532080
53534.00000 -0.000001544300
53535.00000 -0.000001555540
53536.00000 -0.000001568780
53537.00000 -0.000001584920
53538.00000 -0.000001596160
53539.00000 -0.000001605200
53540.00000 -0.000001610580
53541.00000 -0.000001622160
53542.00000 -0.000001640740
53543.00000 -0.000001656220
53544.00000 -0.000001654900
53545.00000 -0.000001647980
53546.00000 -0.000001645060
53547.00000 -0.000001641040
53548.00000 -0.000001637920
53549.00000 -0.000001625500
53550.00000 -0.000001629880
53551.00000 -0.000001621260
53552.00000 -0.000001623540
53553.00000 -0.000001614820
53554.00000 -0.000001612600
53555.00000 -0.000001609000
53556.00000 -0.000001595300
53557.00000 -0.000001593200
53558.00000 -0.000001593400
53559.00000 -0.000001587200
53560.00000 -0.000001578680
53561.00000 -0.000001581660
53562.00000 -0.000001578340
53563.00000 -0.000001570920
53564.00000 -0.000001566700
53565.00000 -0.000001557960
53566.00000 -0.000001558420
53567.00000 -0.000001549780
53568.00000 -0.000001551340
53569.00000 -0.000001548400
53570.00000 -0.000001541360
53571.00000 -0.000001534320
53572.00000 -0.000001525580
53573.00000 -0.000001522140
53574.00000 -0.000001522100
53575.00000 -0.000001516480
53576.00000 -0.000001507160
53577.00000  0.000093641960
53578.00000  0.000044443379
53579.00000 -0.000001502543
53580.00000 -0.000001494700
53581.00000 -0.000001491200
53582.00000 -0.000001487800
53583.00000 -0.000001479500
53584.00000 -0.000001473600
53585.00000 -0.000001472900
53586.00000 -0.000001470900
53587.00000 -0.000001469900
53588.00000 -0.000001468400
53589.00000 -0.000001462100
53590.00000 -0.000001455080
53591.00000 -0.000001452860
53592.00000 -0.000001450440
53593.00000 -0.000001445020
53594.00000 -0.000001438200
53595.00000 -0.000001431180
53596.00000 -0.000001430660
53597.00000 -0.000001415740
53598.00000 -0.000001418020
53599.00000 -0.000001418400
53600.00000 -0.000001420040
53601.00000 -0.000001415980
53602.00000 -0.000001414120
53603.00000 -0.000001405760
53604.00000 -0.000001399900
53605.00000 -0.000001394600
53606.00000 -0.000001398500
53607.00000 -0.000001393300
53608.00000 -0.000001388400
53609.00000 -0.000001384800
53610.00000 -0.000001379120
53611.00000 -0.000001373440
53612.00000 -0.000001368960
53613.00000 -0.000001367380
53614.00000 -0.000001364900
53615.00000 -0.000001358620
53616.00000 -0.000001351040
53617.00000 -0.000001345860
53618.00000 -0.000001347980
53619.00000 -0.000001347800
53620.00000 -0.000001342840
53621.00000 -0.000001344580
53622.00000 -0.000001344620
53623.00000 -0.000001344260
53624.00000 -0.000001345000
53625.00000 -0.000001343300
53626.00000 -0.000001342500
53627.00000 -0.000001343700
53628.00000 -0.000001340900
53629.00000 -0.000001335900
53630.00000 -0.000001340200
53631.00000 -0.000001344300
53632.00000 -0.000001337900
53633.00000 -0.000001334600
53634.00000 -0.000001326900
53635.00000 -0.000001326520
53636.00000 -0.000001321740
53637.00000 -0.000001320860
53638.00000 -0.000001317880
53639.00000 -0.000001322800
53640.00000 -0.000001322520
53641.00000 -0.000001321640
53642.00000 -0.000001328560
53643.00000 -0.000001326580
53644.00000 -0.000001329900
53645.00000 -0.000001328480
53646.00000 -0.000001331860
53647.00000 -0.000001339740
53648.00000 -0.000001346620
53649.00000 -0.000001341600
53650.00000 -0.000001345700
53651.00000 -0.000001348100
53652.00000 -0.000001347900
53653.00000 -0.000001351700
53654.00000 -0.000001351800
53655.00000 -0.000001354740
53656.00000 -0.000001352580
53657.00000 -0.000001355320
53658.00000 -0.000001354160
53659.00000 -0.000001359300
53660.00000 -0.000001367580
53661.00000 -0.000001362460
53662.00000 -0.000001360740
53663.00000 -0.000001362320
53664.00000 -0.000001365900
53665.00000 -0.000001374280
53666.00000 -0.000001372960
53667.00000 -0.000001372240
53668.00000 -0.000001375620
53669.00000 -0.000001382500
53670.00000 -0.000001385440
53671.00000 -0.000001379680
53672.00000 -0.000001378220
53673.00000 -0.000001387260
53674.00000 -0.000001392000
53675.00000 -0.000001399860
53676.00000 -0.000001400020
53677.00000 -0.000001401080
53678.00000 -0.000001397440
53679.00000 -0.000001399600
53680.00000 -0.000001403440
53681.00000 -0.000001404980
53682.00000 -0.000001404020
53683.00000 -0.000001404860
53684.00000 -0.000001405000
53685.00000 -0.000001409700
53686.00000 -0.000001409300
53687.00000 -0.000001411200
53688.00000 -0.000001415700
53689.00000 -0.000001894400
53690.00000 -0.000001918300
53691.00000 -0.000001914900
53692.00000 -0.000001913800
53693.00000 -0.000001912100
53694.00000 -0.000001919100
53695.00000 -0.000001923720
53696.00000 -0.000001922240
53697.00000 -0.000001922460
53698.00000 -0.000001927980
53699.00000 -0.000001935900
53700.00000 -0.000001946440
53701.00000 -0.000001954680
53702.00000 -0.000001957320
53703.00000 -0.000001958060
53704.00000 -0.000001959200
53705.00000 -0.000001964760
53706.00000 -0.000001971620
53707.00000 -0.000001972080
53708.00000 -0.000001975140
53709.00000 -0.000001980600
53710.00000 -0.000001982660
53711.00000 -0.000001992420
53712.00000 -0.000001998480
53713.00000 -0.000001997940
53714.00000 -0.000002001000
53715.00000 -0.000001996360
53716.00000 -0.000001996320
53717.00000 -0.000002001180
53718.00000 -0.000002012240
53719.00000 -0.000002022500
53720.00000 -0.000002027620
53721.00000 -0.000002028140
53722.00000 -0.000002034460
53723.00000 -0.000002032680
53724.00000 -0.000002031300
53725.00000 -0.000002035520
53726.00000 -0.000002039740
53727.00000 -0.000002039060
53728.00000 -0.000002045580
53729.00000 -0.000002050100
53730.00000 -0.000002059340
53731.00000 -0.000002061180
53732.00000 -0.000002059620
53733.00000 -0.000002061460
53734.00000 -0.000002064200
53735.00000 -0.000002068060
53736.00000 -0.000002075820
53737.00000 -0.000002085280
53738.00000 -0.000002081140
53739.00000 -0.000002080000
53740.00000 -0.000002082860
53741.00000 -0.000002089020
53742.00000 -0.000002094680
53743.00000 -0.000002098840
53744.00000 -0.000002096500
53745.00000 -0.000002092380
53746.00000 -0.000002089960
53747.00000 -0.000002101040
53748.00000 -0.000002108120
53749.00000 -0.000002107700
53750.00000 -0.000002114660
53751.00000 -0.000002118720
53752.00000 -0.000002122380
53753.00000 -0.000002129240
53754.00000 -0.000002134200
53755.00000 -0.000002132500
53756.00000 -0.000002136200
53757.00000 -0.000002143600
53758.00000 -0.000002149100
53759.00000 -0.000002146600
53760.00000 -0.000002152000
53761.00000 -0.000002151700
53762.00000 -0.000002154500
53763.00000 -0.000002154800
53764.00000 -0.000002157100
53765.00000 -0.000002163960
53766.00000 -0.000002171120
53767.00000 -0.000002174180
53768.00000 -0.000002174640
53769.00000 -0.000002172100
53770.00000 -0.000002172500
53771.00000 -0.000002165200
53772.00000 -0.000002157700
53773.00000 -0.000002146500
53774.00000 -0.000002143600
53775.00000 -0.000002153340
53776.00000 -0.000000777480
53777.00000 -0.000000779820
53778.00000  0.000007536440
53779.00000 -0.000002121100
53780.00000 -0.000002113480
53781.00000 -0.000002108960
53782.00000 -0.000002101740
53783.00000 -0.000002097120
53784.00000 -0.000002091300
53785.00000 -0.000002080900
53786.00000 -0.000002078800
53787.00000 -0.000002075300
53788.00000 -0.000002068800
53789.00000 -0.000002065300
53790.00000 -0.000002068160
53791.00000 -0.000002060620
53792.00000 -0.000002059180
53793.00000 -0.000002038940
53794.00000 -0.000002034900
53795.00000 -0.000002024700
53796.00000 -0.000002009700
53797.00000 -0.000002005300
53798.00000 -0.000001995000
53799.00000 -0.000001989600
53800.00000 -0.000001995760
53801.00000 -0.000001991420
53802.00000 -0.000001986280
53803.00000 -0.000001975740
53804.00000 -0.000001967900
53805.00000 -0.000001967960
53806.00000 -0.000001962920
53807.00000 -0.000001961780
53808.00000 -0.000001947240
53809.00000 -0.000001946700
53810.00000 -0.000001944940
53811.00000 -0.000001943280
53812.00000 -0.000001940020
53813.00000 -0.000001932260
53814.00000 -0.000001923800
53815.00000 -0.000001919200
53816.00000 -0.000001905400
53817.00000 -0.000001895700
53818.00000 -0.000001886400
53819.00000 -0.000001887000
53820.00000 -0.000001883820
53821.00000 -0.000001876740
53822.00000 -0.000001872860
53823.00000 -0.000001866980
53824.00000 -0.000001861900
53825.00000 -0.000001857040
53826.00000 -0.000001852380
53827.00000 -0.000001847920
53828.00000 -0.000001839560
53829.00000 -0.000001840000
53830.00000 -0.000001836120
53831.00000 -0.000001835740
53832.00000 -0.000001831260
53833.00000 -0.000001825180
53834.00000 -0.000001813900
53835.00000 -0.000001807800
53836.00000 -0.000001811900
53837.00000 -0.000001810100
53838.00000 -0.000001807100
53839.00000 -0.000001793900
53840.00000 -0.000001787020
53841.00000 -0.000001787940
53842.00000 -0.000001782160
53843.00000 -0.000001776880
53844.00000 -0.000001775300
53845.00000 -0.000001772680
53846.00000 -0.000001767560
53847.00000 -0.000001761540
53848.00000 -0.000001756120
53849.00000 -0.000001747200
53850.00000 -0.000001744360
53851.00000 -0.000001745420
53852.00000 -0.000001746680
53853.00000 -0.000001741240
53854.00000 -0.000001730700
53855.00000 -0.000001727100
53856.00000 -0.000001721200
53857.00000 -0.000001715300
53858.00000 -0.000001713900
53859.00000 -0.000001715300
53860.00000 -0.000001712780
53861.00000 -0.000001710260
53862.00000 -0.000001706340
53863.00000 -0.000001695220
53864.00000 -0.000001691800
53865.00000 -0.000001689060
53866.00000 -0.000001686420
53867.00000 -0.000001686180
53868.00000 -0.000001681840
53869.00000 -0.000001671900
53870.00000 -0.000001665720
53871.00000 -0.000001658640
53872.00000 -0.000001651660
53873.00000 -0.000001644580
53874.00000 -0.000001645300
53875.00000 -0.000001638720
53876.00000 -0.000001638040
53877.00000 -0.000001640860
53878.00000 -0.000001639380
53879.00000 -0.000001629600
53880.00000 -0.000001627180
53881.00000 -0.000001628260
53882.00000 -0.000001626140
53883.00000 -0.000001618920
53884.00000 -0.000001613500
53885.00000 -0.000001612520
53886.00000 -0.000001602440
53887.00000 -0.000001594960
53888.00000 -0.000001596780
53889.00000 -0.000001596100
53890.00000 -0.000001588080
53891.00000 -0.000001578660
53892.00000 -0.000001572740
53893.00000 -0.000001574020
53894.00000 -0.000001572800
53895.00000 -0.000001568660
53896.00000 -0.000001566720
53897.00000 -0.000001563680
53898.00000 -0.000001559840
53899.00000 -0.000001558000
53900.00000 -0.000001552340
53901.00000 -0.000001551880
53902.00000 -0.000001538920
53903.00000 -0.000001530093
53904.00000 -0.000001521967
53905.00000 -0.000001525560
53906.00000 -0.000001524720
53907.00000 -0.000001516880
53908.00000 -0.000001514840
53909.00000 -0.000001513300
53910.00000 -0.000001511000
53911.00000 -0.000001509400
53912.00000 -0.000001498100
53913.00000 -0.000001488300
53914.00000 -0.000001482800
53915.00000 -0.000001482220
53916.00000 -0.000001477940
53917.00000 -0.000001475260
53918.00000 -0.000001470580
53919.00000 -0.000001469800
53920.00000 -0.000001467200
53921.00000 -0.000001463600
53922.00000 -0.000001457700
53923.00000 -0.000001452900
53924.00000 -0.000001449500
53925.00000 -0.000001444620
53926.00000 -0.000001439540
53927.00000 -0.000001433560
53928.00000 -0.000001428080
53929.00000 -0.000001428100
53930.00000 -0.000001426900
53931.00000 -0.000001423100
53932.00000 -0.000001426400
53933.00000 -0.000001421800
53934.00000 -0.000001414500
53935.00000 -0.000001413680
53936.00000 -0.000001404960
53937.00000 -0.000001397140
53938.00000 -0.000001391120
53939.00000 -0.000001391200
53940.00000 -0.000001386660
53941.00000 -0.000001382220
53942.00000 -0.000001374580
53943.00000 -0.000001369340
53944.00000 -0.000001368800
53945.00000 -0.000001378220
53946.00000 -0.000001369640
53947.00000 -0.000001365360
53948.00000 -0.000001357580
53949.00000 -0.000001353300
53950.00000 -0.000001346780
53951.00000 -0.000001347160
53952.00000 -0.000001338340
53953.00000 -0.000001333020
53954.00000 -0.000001324000
53955.00000 -0.000001323180
53956.00000 -0.000001318060
53957.00000 -0.000001312840
53958.00000 -0.000001308720
53959.00000 -0.000001303900
53960.00000 -0.000001297180
53961.00000 -0.000001286960
53962.00000 -0.000001282940
53963.00000 -0.000001275620
53964.00000 -0.000001277600
53965.00000 -0.000001276240
53966.00000 -0.000001276480
53967.00000 -0.000001271020
53968.00000 -0.000001266260
53969.00000 -0.000001260200
53970.00000 -0.000001253780
53971.00000 -0.000001257860
53972.00000 -0.000001256840
53973.00000 -0.000001252720
53974.00000 -0.000001242900
53975.00000 -0.000001234240
53976.00000 -0.000001231980
53977.00000 -0.000001229920
53978.00000 -0.000001222660
53979.00000 -0.000001220400
53980.00000 -0.000001219900
53981.00000 -0.000001217400
53982.00000 -0.000001218200
53983.00000 -0.000001218100
53984.00000 -0.000001206900
53985.00000 -0.000001195720
53986.00000 -0.000001191940
53987.00000 -0.000001186860
53988.00000 -0.000001186280
53989.00000 -0.000001190400
53990.00000 -0.000001189800
53991.00000 -0.000001177800
53992.00000 -0.000001176300
53993.00000 -0.000001170200
53994.00000 -0.000001169800
53995.00000 -0.000001162000
53996.00000 -0.000001161800
53997.00000 -0.000001154600
53998.00000 -0.000001153500
53999.00000 -0.000001149467
54000.00000 -0.000001150313
54001.00000 -0.000001150760
54002.00000 -0.000001146240
54003.00000 -0.000001143020
54004.00000 -0.000001140400
54005.00000 -0.000001142560
54006.00000 -0.000001139120
54007.00000 -0.000001137180
54008.00000 -0.000001126240
54009.00000 -0.000000270600
54010.00000 -0.000001130000
54011.00000 -0.000001127700
54012.00000 -0.000001127200
54013.00000 -0.000001130400
54014.00000 -0.000001125200
54015.00000 -0.000001125060
54016.00000 -0.000001121520
54017.00000 -0.000001114980
54018.00000 -0.000001110040
54019.00000 -0.000001105600
54020.00000 -0.000001103760
54021.00000 -0.000001104020
54022.00000 -0.000001099780
54023.00000 -0.000001097040
54024.00000 -0.000001096300
54025.00000 -0.000001089420
54026.00000 -0.000001090140
54027.00000 -0.000001088160
54028.00000 -0.000001080580
54029.00000 -0.000001082000
54030.00000 -0.000001080580
54031.00000 -0.000001084060
54032.00000 -0.000001081840
54033.00000 -0.000001077820
54034.00000 -0.000001074700
54035.00000 -0.000001073260
54036.00000 -0.000001065320
54037.00000 -0.000001062880
54038.00000 -0.000001060940
54039.00000 -0.000001064400
54040.00000 -0.000001062560
54041.00000 -0.000001062520
54042.00000 -0.000001063780
54043.00000 -0.000001064740
54044.00000 -0.000001066100
54045.00000 -0.000001065800
54046.00000 -0.000001065700
54047.00000 -0.000001066300
54048.00000 -0.000001065800
54049.00000 -0.000001066900
54050.00000 -0.000001069700
54051.00000 -0.000001067600
54052.00000 -0.000001071700
54053.00000 -0.000001073100
54054.00000 -0.000001074500
54055.00000 -0.000001073920
54056.00000 -0.000001073140
54057.00000 -0.000001073360
54058.00000 -0.000001070580
54059.00000 -0.000001066900
54060.00000 -0.000001064340
54061.00000 -0.000001061380
54062.00000 -0.000001065453
54063.00000 -0.000001068127
54064.00000 -0.000001068000
54065.00000 -0.000001074780
54066.00000 -0.000001073560
54067.00000 -0.000001073940
54068.00000 -0.000001077620
54069.00000 -0.000001076200
54070.00000 -0.000001075800
54071.00000 -0.000001076000
54072.00000 -0.000001077100
54073.00000 -0.000001075900
54074.00000 -0.000001082100
54075.00000 -0.000001082620
54076.00000 -0.000001083740
54077.00000 -0.000001084460
54078.00000 -0.000001079480
54079.00000 -0.000001079700
54080.00000 -0.000001081640
54081.00000 -0.000001079580
54082.00000 -0.000001083020
54083.00000 -0.000001082760
54084.00000  0.000027370400
54085.00000 -0.000000151300
54086.00000 -0.000000150700
54087.00000 -0.000001084000
54088.00000 -0.000001089100
54089.00000 -0.000001088800
54090.00000 -0.000001088000
54091.00000 -0.000001086100
54092.00000 -0.000001086700
54093.00000 -0.000001089175
54094.00000 -0.000001089050
54095.00000 -0.000001087525
54096.00000 -0.000001087100
54097.00000 -0.000001089375
54098.00000 -0.000001088950
54099.00000 -0.000001088725
54100.00000 -0.000001093220
54101.00000 -0.000001092540
54102.00000 -0.000001100260
54103.00000 -0.000001100280
54104.00000 -0.000001097500
54105.00000 -0.000001096700
54106.00000 -0.000001097500
54107.00000 -0.000001096400
54108.00000 -0.000001100500
54109.00000 -0.000001101700
54110.00000 -0.000001103140
54111.00000 -0.000001104380
54112.00000 -0.000001106220
54113.00000 -0.000001107660
54114.00000 -0.000001115700
54115.00000 -0.000001124580
54116.00000 -0.000001124560
54117.00000 -0.000001126840
54118.00000 -0.000001125920
54119.00000 -0.000001119600
54120.00000 -0.000001121260
54121.00000 -0.000001124620
54122.00000 -0.000001126280
54123.00000 -0.000001130340
54124.00000 -0.000001132900
54125.00000 -0.000001133320
54126.00000 -0.000001134340
54127.00000 -0.000001138060
54128.00000 -0.000001140780
54129.00000 -0.000001136100
