53000.00000 -0.000002780666
53001.00000 -0.000002808095
53002.00000 -0.000002839223
53003.00000 -0.000002872432
53004.00000 -0.000002907688
53005.00000 -0.000002940055
53006.00000 -0.000002979241
53007.00000 -0.000003008085
53008.00000 -0.000003037803
53009.00000 -0.000003073027
53010.00000 -0.000003105147
53011.00000 -0.000003128175
53012.00000 -0.000003133475
53013.00000 -0.000003128881
53014.00000 -0.000003125175
53015.00000 -0.000003119070
53016.00000 -0.000003114324
53017.00000 -0.000003109100
53018.00000 -0.000003103126
53019.00000 -0.000003099185
53020.00000 -0.000003091723
53021.00000 -0.000003085967
53022.00000 -0.000003082513
53023.00000 -0.000003077027
53024.00000 -0.000003072716
53025.00000 -0.000004532790
53026.00000 -0.000004631015
53027.00000 -0.000003648981
53028.00000 -0.000003046164
53029.00000 -0.000003040483
53030.00000 -0.000003031416
53031.00000 -0.000003024426
53032.00000 -0.000003023638
53033.00000 -0.000003022171
53034.00000 -0.000003016826
53035.00000 -0.000003017627
53036.00000 -0.000002074884
53037.00000 -0.000000315816
53038.00000 -0.000000208772
53039.00000 -0.000000204808
53040.00000 -0.000000201452
53041.00000 -0.000000199045
53042.00000 -0.000000193237
53043.00000 -0.000000188269
53044.00000 -0.000000185609
53045.00000 -0.000000179643
53046.00000 -0.000000176000
53047.00000 -0.000000170927
53048.00000 -0.000000162200
53049.00000 -0.000000154900
53050.00000 -0.000000177329
53051.00000 -0.000000230692
53052.00000 -0.000000222613
53053.00000 -0.000000212538
53054.00000 -0.000000203237
53055.00000 -0.000000197036
53056.00000 -0.000000193448
53057.00000 -0.000000190979
53058.00000 -0.000000186415
53059.00000 -0.000000180319
53060.00000 -0.000000171025
53061.00000 -0.000000168018
53062.00000 -0.000000167674
53063.00000 -0.000000164282
53064.00000 -0.000000154796
53065.00000 -0.000000147072
53066.00000 -0.000000141933
53067.00000 -0.000000139175
53068.00000 -0.000000128792
53069.00000 -0.000000116371
53070.00000 -0.000000111292
53071.00000 -0.000000104439
53072.00000 -0.000000102400
53073.00000 -0.000000100104
53074.00000 -0.000000095791
53075.00000 -0.000000091537
53076.00000 -0.000000081822
53077.00000 -0.000000071570
53078.00000 -0.000000063122
53079.00000 -0.000000054382
53080.00000 -0.000000052639
53081.00000 -0.000000046316
53082.00000 -0.000000040602
53083.00000 -0.000000033012
53084.00000 -0.000000028520
53085.00000 -0.000000022076
53086.00000 -0.000000015216
53087.00000 -0.000000009543
53088.00000 -0.000000004664
53089.00000  0.000000000279
53090.00000  0.000000008109
53091.00000  0.000000017728
53092.00000  0.000000022882
53093.00000  0.000000031037
53094.00000  0.000000039525
53095.00000  0.000000047092
53096.00000  0.000000053160
53097.00000  0.000000056852
53098.00000  0.000000063030
53099.00000  0.000000068510
53100.00000  0.000000079209
53101.00000  0.000000086034
53102.00000  0.000000091914
53103.00000  0.000000099209
53104.00000  0.000000105113
53105.00000  0.000000116450
53106.00000  0.000000123947
53107.00000  0.000000130995
53108.00000  0.000000139443
53109.00000  0.000000146580
53110.00000  0.000000152664
53111.00000  0.000000155796
53112.00000  0.000000163669
53113.00000  0.000000171743
53114.00000  0.000000174818
53115.00000  0.000000183780
53116.00000  0.000000193842
53117.00000  0.000000199605
53118.00000  0.000000206867
53119.00000  0.000000211029
53120.00000  0.000000218391
53121.00000  0.000000226853
53122.00000  0.000000233415
53123.00000  0.000000241017
53124.00000  0.000000249107
53125.00000  0.000000259059
53126.00000  0.000000263136
53127.00000  0.000000269577
53128.00000  0.000000274866
53129.00000  0.000000279460
53130.00000  0.000000284478
53131.00000  0.000000289523
53132.00000  0.000000294596
53133.00000  0.000000301431
53134.00000  0.000000308932
53135.00000  0.000000320689
53136.00000  0.000000324855
53137.00000  0.000000327894
53138.00000  0.000000328078
53139.00000  0.000000332212
53140.00000  0.000000335910
53141.00000  0.000000345415
53142.00000  0.000000352634
53143.00000  0.000000354986
53144.00000  0.000000363322
53145.00000  0.000000361549
53146.00000  0.000000366512
53147.00000  0.000000374409
53148.00000  0.000000380181
53149.00000  0.000000384761
53150.00000  0.000000391229
53151.00000  0.000000395975
53152.00000  0.000000399557
53153.00000  0.000000405040
53154.00000  0.000000410919
53155.00000  0.000000424590
53156.00000  0.000000431780
53157.00000  0.000000439976
53158.00000  0.000000442288
53159.00000  0.000000444016
53160.00000  0.000000447690
53161.00000  0.000000452535
53162.00000  0.000000459660
53163.00000  0.000000465261
53164.00000  0.000000467595
53165.00000  0.000000472699
53166.00000  0.000000475439
53167.00000  0.000000478470
53168.00000  0.000000486772
53169.00000  0.000000492628
53170.00000  0.000000494859
53171.00000  0.000000499136
53172.00000  0.000000504994
53173.00000  0.000000508246
53174.00000  0.000000513801
53175.00000  0.000000513739
53176.00000  0.000000516210
53177.00000  0.000000525140
53178.00000  0.000000529709
53179.00000  0.000000539841
53180.00000  0.000000545087
53181.00000  0.000000552494
53182.00000  0.000000550682
53183.00000  0.000000553588
53184.00000  0.000000555643
53185.00000  0.000000554106
53186.00000  0.000000556484
53187.00000  0.000000553430
53188.00000  0.000000549001
53189.00000  0.000000547707
53190.00000  0.000000545057
53191.00000  0.000000539864
53192.00000  0.000000537985
53193.00000  0.000000536887
53194.00000  0.000000530643
53195.00000  0.000000527429
53196.00000  0.000000527420
53197.00000  0.000000527908
53198.00000  0.000000529225
53199.00000  0.000000526333
53200.00000  0.000000512026
53201.00000  0.000000508089
53202.00000  0.000000509682
53203.00000  0.000000503431
53204.00000  0.000000507594
53205.00000  0.000000506555
53206.00000  0.000000507377
53207.00000  0.000000503366
53208.00000  0.000000504126
53209.00000  0.000000496794
53210.00000  0.000000503967
53211.00000  0.000000493822
53212.00000  0.000000492241
53213.00000  0.000000480279
53214.00000  0.000000477818
53215.00000  0.000000468035
53216.00000  0.000000468455
53217.00000  0.000000469688
53218.00000  0.000000467590
53219.00000  0.000000461355
53220.00000  0.000000453635
53221.00000  0.000000451261
53222.00000  0.000000444592
53223.00000  0.000000432863
53224.00000  0.000000429587
53225.00000  0.000000423764
53226.00000  0.000000420454
53227.00000  0.000000411675
53228.00000  0.000000407211
53229.00000  0.000000404597
53230.00000  0.000000402625
53231.00000  0.000000396158
53232.00000  0.000000392359
53233.00000  0.000000381896
53234.00000  0.000000376221
53235.00000  0.000000371036
53236.00000  0.000000365860
53237.00000  0.000000363468
53238.00000  0.000000356865
53239.00000  0.000000357778
53240.00000  0.000000357164
53241.00000  0.000000352626
53242.00000  0.000000350239
53243.00000  0.000000346838
53244.00000  0.000000338112
53245.00000  0.000000330677
53246.00000  0.000000327160
53247.00000  0.000000321897
53248.00000  0.000000321379
53249.00000  0.000000313210
53250.00000  0.000000309127
53251.00000  0.000000308071
53252.00000  0.000000306021
53253.00000  0.000000302221
53254.00000  0.000000299400
53255.00000  0.000000298207
53256.00000  0.000000296190
53257.00000  0.000000291630
53258.00000  0.000000281520
53259.00000  0.000000273879
53260.00000  0.000000267476
53261.00000  0.000000264039
53262.00000  0.000000258361
53263.00000  0.000000257444
53264.00000  0.000000258681
53265.00000  0.000000257835
53266.00000  0.000000257306
53267.00000  0.000000254955
53268.00000  0.000000247514
53269.00000  0.000000243883
53270.00000  0.000000246153
53271.00000  0.000000246284
53272.00000  0.000000241620
53273.00000  0.000000234460
53274.00000  0.000000229317
53275.00000  0.000000227706
53276.00000  0.000000221976
53277.00000  0.000000217224
53278.00000  0.000000213544
53279.00000  0.000000210099
53280.00000  0.000000205595
53281.00000  0.000000203236
53282.00000  0.000000203825
53283.00000  0.000000198950
53284.00000  0.000000195262
53285.00000  0.000000189950
53286.00000  0.000000186568
53287.00000  0.000000183998
53288.00000  0.000000180818
53289.00000  0.000000174355
53290.00000  0.000000169202
53291.00000  0.000000164396
53292.00000  0.000000161838
53293.00000  0.000000165399
53294.00000  0.000000165270
53295.00000  0.000000157254
53296.00000  0.000000146840
53297.00000  0.000000140975
53298.00000  0.000000145828
53299.00000  0.000000149302
53300.00000  0.000000145931
53301.00000  0.000000144009
53302.00000  0.000000139754
53303.00000  0.000000137200
53304.00000  0.000000135311
53305.00000  0.000000132616
53306.00000  0.000000131633
53307.00000  0.000000130014
53308.00000  0.000000125480
53309.00000  0.000000125441
53310.00000  0.000000125578
53311.00000  0.000000123617
53312.00000  0.000000125456
53313.00000  0.000000121275
53314.00000  0.000000116458
53315.00000  0.000000111297
53316.00000  0.000000108433
53317.00000  0.000000104498
53318.00000  0.000000100529
53319.00000  0.000000098506
53320.00000  0.000000095421
53321.00000  0.000000100493
53322.00000  0.000000088016
53323.00000  0.000000082092
53324.00000  0.000000077147
53325.00000  0.000000076140
53326.00000  0.000000071429
53327.00000  0.000000067329
53328.00000  0.000000061237
53329.00000  0.000000060394
53330.00000  0.000000057670
53331.00000  0.000000059163
53332.00000  0.000000056377
53333.00000  0.000000048577
53334.00000  0.000000047670
53335.00000  0.000000049817
53336.00000  0.000000056141
53337.00000  0.000000056180
53338.00000  0.000000053603
53339.00000  0.000000054232
53340.00000  0.000000053514
53341.00000  0.000000051609
53342.00000  0.000000045362
53343.00000  0.000000037998
53344.00000  0.000000040838
53345.00000  0.000000039410
53346.00000  0.000000034082
53347.00000  0.000000028265
53348.00000  0.000000026288
53349.00000  0.000000022488
53350.00000  0.000000008018
53351.00000  0.000000006478
53352.00000 -0.000000002317
53353.00000 -0.000000005294
53354.00000 -0.000000012151
53355.00000 -0.000000013303
53356.00000 -0.000000013885
53357.00000 -0.000000017943
53358.00000 -0.000000021965
53359.00000 -0.000000026198
53360.00000 -0.000000037139
53361.00000 -0.000000046211
53362.00000 -0.000000052935
53363.00000 -0.000000059533
53364.00000 -0.000000064748
53365.00000 -0.000000067596
53366.00000 -0.000000071761
53367.00000 -0.000000078936
53368.00000 -0.000000088896
53369.00000 -0.000000096476
53370.00000 -0.000000100626
53371.00000 -0.000000102441
53372.00000 -0.000000108990
53373.00000 -0.000000115320
53374.00000 -0.000000120595
53375.00000 -0.000000127177
53376.00000 -0.000000135376
53377.00000 -0.000000141566
53378.00000 -0.000000147498
53379.00000 -0.000000155234
53380.00000 -0.000000164959
53381.00000 -0.000000173506
53382.00000 -0.000000178011
53383.00000 -0.000000184714
53384.00000 -0.000000190320
53385.00000 -0.000000194204
53386.00000 -0.000000197789
53387.00000 -0.000000193252
53388.00000 -0.000000193824
53389.00000 -0.000000200521
53390.00000 -0.000000210542
53391.00000 -0.000000222220
53392.00000 -0.000000226991
53393.00000 -0.000000230386
53394.00000 -0.000000242340
53395.00000 -0.000000254322
53396.00000 -0.000000259823
53397.00000 -0.000000265573
53398.00000 -0.000000277667
53399.00000 -0.000000291816
53400.00000 -0.000000299190
53401.00000 -0.000000302234
53402.00000 -0.000000310100
53403.00000 -0.000000320921
53404.00000 -0.000000327170
53405.00000 -0.000000331591
53406.00000 -0.000000342933
53407.00000 -0.000000353870
53408.00000 -0.000000357272
53409.00000 -0.000000363698
53410.00000 -0.000000373975
53411.00000 -0.000000384238
53412.00000 -0.000000392696
53413.00000 -0.000000402029
53414.00000 -0.000000408692
53415.00000 -0.000000410521
53416.00000 -0.000000417155
53417.00000 -0.000000429013
53418.00000 -0.000000436265
53419.00000 -0.000000439500
53420.00000 -0.000000445834
53421.00000 -0.000000455108
53422.00000 -0.000000460997
53423.00000 -0.000000465337
53424.00000 -0.000000475609
53425.00000 -0.000000489190
53426.00000 -0.000000500696
53427.00000 -0.000000510791
53428.00000 -0.000000520157
53429.00000 -0.000000527667
53430.00000 -0.000000530445
53431.00000 -0.000000534497
53432.00000 -0.000000538950
53433.00000 -0.000000548985
53434.00000 -0.000000561729
53435.00000 -0.000000569157
53436.00000 -0.000000575574
53437.00000 -0.000000578853
53438.00000 -0.000000584416
53439.00000 -0.000000592893
53440.00000 -0.000000599092
53441.00000 -0.000000609240
53442.00000 -0.000000615449
53443.00000 -0.000000621976
53444.00000 -0.000000627550
53445.00000 -0.000000632666
53446.00000 -0.000000640768
53447.00000 -0.000000648404
53448.00000 -0.000000659897
53449.00000 -0.000000666790
53450.00000 -0.000000674450
53451.00000 -0.000000682944
53452.00000 -0.000000686089
53453.00000 -0.000000694654
53454.00000 -0.000000706663
53455.00000 -0.000000718192
53456.00000 -0.000000733271
53457.00000 -0.000000743341
53458.00000 -0.000000753276
53459.00000 -0.000000763839
53460.00000 -0.000000774671
53461.00000 -0.000000785301
53462.00000 -0.000000791459
53463.00000 -0.000000799324
53464.00000 -0.000000816846
53465.00000 -0.000000835032
53466.00000 -0.000000848303
53467.00000 -0.000000854081
53468.00000 -0.000000859099
53469.00000 -0.000000872371
53470.00000 -0.000000883054
53471.00000 -0.000000893980
53472.00000 -0.000000908800
53473.00000 -0.000000919105
53474.00000 -0.000000921813
53475.00000 -0.000000932269
53476.00000 -0.000000947272
53477.00000 -0.000000957128
53478.00000 -0.000000966546
53479.00000 -0.000000982596
53480.00000 -0.000000994958
53481.00000 -0.000001007361
53482.00000 -0.000001014890
53483.00000 -0.000001026299
53484.00000 -0.000001036229
53485.00000 -0.000001047834
53486.00000 -0.000001060734
53487.00000 -0.000001074516
53488.00000 -0.000001084411
53489.00000 -0.000001092007
53490.00000 -0.000001103051
53491.00000 -0.000001116218
53492.00000 -0.000001130182
53493.00000 -0.000001146628
53494.00000 -0.000001158289
53495.00000 -0.000001170263
53496.00000 -0.000001181888
53497.00000 -0.000001198864
53498.00000 -0.000001213005
53499.00000 -0.000001219940
53500.00000 -0.000001232723
53501.00000 -0.000001244105
53502.00000 -0.000001256067
53503.00000 -0.000001266440
53504.00000 -0.000001277462
53505.00000 -0.000001296877
53506.00000 -0.000001310126
53507.00000 -0.000001317213
53508.00000 -0.000001330139
53509.00000 -0.000001342041
53510.00000 -0.000001346534
53511.00000 -0.000001361804
53512.00000 -0.000001369612
53513.00000 -0.000001384942
53514.00000 -0.000001397468
53515.00000 -0.000001411919
53516.00000 -0.000001423341
53517.00000 -0.000001437190
53518.00000 -0.000001452360
53519.00000 -0.000001460691
53520.00000 -0.000001469733
53521.00000 -0.000001468923
53522.00000 -0.000001478776
53523.00000 -0.000001494195
53524.00000 -0.000001506918
53525.00000 -0.000001518694
53526.00000 -0.000001533211
53527.00000 -0.000001545014
53528.00000 -0.000001557209
53529.00000 -0.000001567737
53530.00000 -0.000001577244
53531.00000 -0.000001591368
53532.00000 -0.000001604368
53533.00000 -0.000001613433
53534.00000 -0.000001623105
53535.00000 -0.000001636519
53536.00000 -0.000001650744
53537.00000 -0.000001660207
53538.00000 -0.000001676038
53539.00000 -0.000001687824
53540.00000 -0.000001710824
53541.00000 -0.000001718420
53542.00000 -0.000001722370
53543.00000 -0.000001736537
53544.00000 -0.000001749829
53545.00000 -0.000001741190
53546.00000 -0.000001737969
53547.00000 -0.000001734804
53548.00000 -0.000001731259
53549.00000 -0.000001728895
53550.00000 -0.000001725442
53551.00000 -0.000001717504
53552.00000 -0.000001711418
53553.00000 -0.000001715261
53554.00000 -0.000001707590
53555.00000 -0.000001699214
53556.00000 -0.000001695113
53557.00000 -0.000001692477
53558.00000 -0.000001686755
53559.00000 -0.000001681014
53560.00000 -0.000001678650
53561.00000 -0.000001670795
53562.00000 -0.000001664398
53563.00000 -0.000001661330
53564.00000 -0.000001656716
53565.00000 -0.000001657100
53566.00000 -0.000001655359
53567.00000 -0.000001652795
53568.00000 -0.000001649790
53569.00000 -0.000001643539
53570.00000 -0.000001638133
53571.00000 -0.000001633750
53572.00000 -0.000001631908
53573.00000 -0.000001625629
53574.00000 -0.000001618400
53575.00000 -0.000001613427
53576.00000 -0.000001611928
53577.00000 -0.000001609417
53578.00000 -0.000001600932
53579.00000 -0.000001598786
53580.00000 -0.000001596497
53581.00000 -0.000001590119
53582.00000 -0.000001585487
53583.00000 -0.000001584391
53584.00000 -0.000001581252
53585.00000 -0.000001574188
53586.00000 -0.000001568195
53587.00000 -0.000001560339
53588.00000 -0.000001557115
53589.00000 -0.000001552573
53590.00000 -0.000001543851
53591.00000 -0.000001537019
53592.00000 -0.000001537402
53593.00000 -0.000001538203
53594.00000 -0.000001535272
53595.00000 -0.000001532554
53596.00000 -0.000001523818
53597.00000 -0.000001523332
53598.00000 -0.000001524306
53599.00000 -0.000001517139
53600.00000 -0.000001510368
53601.00000 -0.000001508959
53602.00000 -0.000001503834
53603.00000 -0.000001497761
53604.00000 -0.000001498592
53605.00000 -0.000001498597
53606.00000 -0.000001493411
53607.00000 -0.000001481850
53608.00000 -0.000001473538
53609.00000 -0.000001471891
53610.00000 -0.000001467841
53611.00000 -0.000001462659
53612.00000 -0.000001459205
53613.00000 -0.000001463159
53614.00000 -0.000001461754
53615.00000 -0.000001458378
53616.00000 -0.000001462087
53617.00000 -0.000001459203
53618.00000 -0.000001452268
53619.00000 -0.000001446691
53620.00000 -0.000001444637
53621.00000 -0.000001444518
53622.00000 -0.000001443965
53623.00000 -0.000001444201
53624.00000 -0.000001444716
53625.00000 -0.000001442255
53626.00000 -0.000001439616
53627.00000 -0.000001439328
53628.00000 -0.000001440452
53629.00000 -0.000001441897
53630.00000 -0.000001439595
53631.00000 -0.000001438135
53632.00000 -0.000001436870
53633.00000 -0.000001433758
53634.00000 -0.000001434886
53635.00000 -0.000001432330
53636.00000 -0.000001431302
53637.00000 -0.000001430244
53638.00000 -0.000001430524
53639.00000 -0.000001432602
53640.00000 -0.000001428777
53641.00000 -0.000001429013
53642.00000 -0.000001433621
53643.00000 -0.000001437007
53644.00000 -0.000001434706
53645.00000 -0.000001439653
53646.00000 -0.000001442573
53647.00000 -0.000001442096
53648.00000 -0.000001444922
53649.00000 -0.000001448553
53650.00000 -0.000001449187
53651.00000 -0.000001454729
53652.00000 -0.000001458214
53653.00000 -0.000001463047
53654.00000 -0.000001465274
53655.00000 -0.000001463966
53656.00000 -0.000001467831
53657.00000 -0.000001473784
53658.00000 -0.000001475072
53659.00000 -0.000001471148
53660.00000 -0.000001469452
53661.00000 -0.000001470188
53662.00000 -0.000001472701
53663.00000 -0.000001474690
53664.00000 -0.000001473668
53665.00000 -0.000001475487
53666.00000 -0.000001480329
53667.00000 -0.000001486244
53668.00000 -0.000001491409
53669.00000 -0.000001491448
53670.00000 -0.000001492107
53671.00000 -0.000001495809
53672.00000 -0.000001500121
53673.00000 -0.000001500016
53674.00000 -0.000001501941
53675.00000 -0.000001501376
53676.00000 -0.000001499134
53677.00000 -0.000001504354
53678.00000 -0.000001506479
53679.00000 -0.000001507029
53680.00000 -0.000001508443
53681.00000 -0.000002837462
53682.00000 -0.000003182731
53683.00000 -0.000001509232
53684.00000 -0.000001512590
53685.00000 -0.000001515540
53686.00000 -0.000001516778
53687.00000 -0.000001517653
53688.00000 -0.000001514609
53689.00000 -0.000001519075
53690.00000 -0.000001521108
53691.00000 -0.000001520149
53692.00000 -0.000001520635
53693.00000 -0.000001526590
53694.00000 -0.000001534239
53695.00000 -0.000001539544
53696.00000 -0.000001540714
53697.00000 -0.000001544991
53698.00000 -0.000001545023
53699.00000 -0.000001542884
53700.00000 -0.000001543237
53701.00000 -0.000001549813
53702.00000 -0.000001557352
53703.00000 -0.000001559720
53704.00000 -0.000001562535
53705.00000 -0.000001565629
53706.00000 -0.000001567295
53707.00000 -0.000001570515
53708.00000 -0.000001576349
53709.00000 -0.000001578600
53710.00000 -0.000001579296
53711.00000 -0.000001579812
53712.00000 -0.000001583877
53713.00000 -0.000001591836
53714.00000 -0.000001594009
53715.00000 -0.000001595347
53716.00000 -0.000001600928
53717.00000 -0.000001610093
53718.00000 -0.000001613288
53719.00000 -0.000001613802
53720.00000 -0.000001614077
53721.00000 -0.000001619498
53722.00000 -0.000001624601
53723.00000 -0.000001633858
53724.00000 -0.000001643109
53725.00000 -0.000001643364
53726.00000 -0.000001640716
53727.00000 -0.000001640921
53728.00000 -0.000001648851
53729.00000 -0.000001653076
53730.00000 -0.000001655074
53731.00000 -0.000001661955
53732.00000 -0.000001666313
53733.00000 -0.000001668031
53734.00000 -0.000001668131
53735.00000 -0.000001670557
53736.00000 -0.000001675442
53737.00000 -0.000001678480
53738.00000 -0.000001682277
53739.00000 -0.000001687044
53740.00000 -0.000001690494
53741.00000 -0.000001694234
53742.00000 -0.000001695410
53743.00000 -0.000001697052
53744.00000 -0.000001699038
53745.00000 -0.000001703473
53746.00000 -0.000001710132
53747.00000 -0.000001712002
53748.00000 -0.000001715305
53749.00000 -0.000001726009
53750.00000 -0.000001725402
53751.00000 -0.000001726711
53752.00000 -0.000001727176
53753.00000 -0.000001730658
53754.00000 -0.000001733593
53755.00000 -0.000001737941
53756.00000 -0.000001740410
53757.00000 -0.000001738490
53758.00000 -0.000001739736
53759.00000 -0.000001741307
53760.00000 -0.000001743732
53761.00000 -0.000001750643
53762.00000 -0.000001753322
53763.00000 -0.000001757742
53764.00000 -0.000001766550
53765.00000 -0.000001771250
53766.00000 -0.000001775019
53767.00000 -0.000001775422
53768.00000 -0.000001771501
53769.00000 -0.000001766536
53770.00000 -0.000001762436
53771.00000 -0.000001758379
53772.00000 -0.000001753477
53773.00000 -0.000001745711
53774.00000 -0.000001741540
53775.00000 -0.000001737970
53776.00000 -0.000001733158
53777.00000 -0.000001729708
53778.00000 -0.000001721366
53779.00000 -0.000001714766
53780.00000 -0.000001710378
53781.00000 -0.000001707715
53782.00000 -0.000001700453
53783.00000 -0.000001688436
53784.00000 -0.000001685729
53785.00000 -0.000001685590
53786.00000 -0.000001680815
53787.00000 -0.000001672904
53788.00000 -0.000001667809
53789.00000 -0.000001662370
53790.00000 -0.000001653448
53791.00000 -0.000001647496
53792.00000 -0.000001641448
53793.00000 -0.000001635303
53794.00000 -0.000001630249
53795.00000 -0.000001624649
53796.00000 -0.000001619756
53797.00000 -0.000001614830
53798.00000 -0.000001604828
53799.00000 -0.000001594519
53800.00000 -0.000001588413
53801.00000 -0.000001586427
53802.00000 -0.000001579794
53803.00000 -0.000001576106
53804.00000 -0.000001573052
53805.00000 -0.000001568296
53806.00000 -0.000001561309
53807.00000 -0.000001553241
53808.00000 -0.000001548160
53809.00000 -0.000001547048
53810.00000 -0.000001542888
53811.00000 -0.000001534960
53812.00000 -0.000001527648
53813.00000 -0.000001522192
53814.00000 -0.000001514343
53815.00000 -0.000001508527
53816.00000 -0.000001506467
53817.00000 -0.000001504300
53818.00000 -0.000001499134
53819.00000 -0.000001494828
53820.00000 -0.000001484202
53821.00000 -0.000001480730
53822.00000 -0.000001476618
53823.00000 -0.000001469659
53824.00000 -0.000001461887
53825.00000 -0.000001449170
53826.00000 -0.000001443994
53827.00000 -0.000001438244
53828.00000 -0.000001433259
53829.00000 -0.000001430329
53830.00000 -0.000001423499
53831.00000 -0.000001418873
53832.00000 -0.000001412790
53833.00000 -0.000001407902
53834.00000 -0.000001407588
53835.00000 -0.000001405482
53836.00000 -0.000001398477
53837.00000 -0.000001394968
53838.00000 -0.000001389992
53839.00000 -0.000001391735
53840.00000 -0.000001383478
53841.00000 -0.000001375571
53842.00000 -0.000001371511
53843.00000 -0.000001367265
53844.00000 -0.000001364130
53845.00000 -0.000001361441
53846.00000 -0.000001359203
53847.00000 -0.000001355086
53848.00000 -0.000001348301
53849.00000 -0.000001342155
53850.00000 -0.000001336406
53851.00000 -0.000001332229
53852.00000 -0.000001327082
53853.00000 -0.000001323358
53854.00000 -0.000001319850
53855.00000 -0.000001316520
53856.00000 -0.000001313349
53857.00000 -0.000001312866
53858.00000 -0.000001309144
53859.00000 -0.000001303865
53860.00000 -0.000001300929
53861.00000 -0.000001293668
53862.00000 -0.000001290987
53863.00000 -0.000001291457
53864.00000 -0.000001288782
53865.00000 -0.000001281969
53866.00000 -0.000001281511
53867.00000 -0.000001276160
53868.00000 -0.000001269565
53869.00000 -0.000001265379
53870.00000 -0.000001261639
53871.00000 -0.000001256994
53872.00000 -0.000001256062
53873.00000 -0.000001252491
53874.00000 -0.000001249956
53875.00000 -0.000001246394
53876.00000 -0.000001236882
53877.00000 -0.000001228776
53878.00000 -0.000001225164
53879.00000 -0.000001219758
53880.00000 -0.000001216498
53881.00000 -0.000001208012
53882.00000 -0.000001203020
53883.00000 -0.000001203801
53884.00000 -0.000001202322
53885.00000 -0.000001197292
53886.00000 -0.000001194030
53887.00000 -0.000001191692
53888.00000 -0.000001191513
53889.00000 -0.000001185526
53890.00000 -0.000001181573
53891.00000 -0.000001175309
53892.00000 -0.000001173678
53893.00000 -0.000001170276
53894.00000 -0.000001165267
53895.00000 -0.000001156528
53896.00000 -0.000001151716
53897.00000 -0.000001148993
53898.00000 -0.000001147274
53899.00000 -0.000001143203
53900.00000 -0.000001137541
53901.00000 -0.000001133067
53902.00000 -0.000001124579
53903.00000 -0.000001121927
53904.00000 -0.000001120206
53905.00000 -0.000001114997
53906.00000 -0.000001110210
53907.00000 -0.000001105235
53908.00000 -0.000001097060
53909.00000 -0.000001098490
53910.00000 -0.000001093976
53911.00000 -0.000001089651
53912.00000 -0.000001086529
53913.00000 -0.000001083375
53914.00000 -0.000001080661
53915.00000 -0.000001076451
53916.00000 -0.000001069962
53917.00000 -0.000001065954
53918.00000 -0.000001060162
53919.00000 -0.000001056851
53920.00000 -0.000001058574
53921.00000 -0.000001055084
53922.00000 -0.000001048701
53923.00000 -0.000001041828
53924.00000 -0.000001035332
53925.00000 -0.000001028456
53926.00000 -0.000001024203
53927.00000 -0.000001022213
53928.00000 -0.000001022164
53929.00000 -0.000001015603
53930.00000 -0.000001006036
53931.00000 -0.000001005901
53932.00000 -0.000001005205
53933.00000 -0.000001005283
53934.00000 -0.000001005742
53935.00000 -0.000000995541
53936.00000 -0.000000990704
53937.00000 -0.000000984147
53938.00000 -0.000000979986
53939.00000 -0.000000977415
53940.00000 -0.000000975767
53941.00000 -0.000000973212
53942.00000 -0.000000972396
53943.00000 -0.000000966555
53944.00000 -0.000000960200
53945.00000 -0.000000951940
53946.00000 -0.000000946787
53947.00000 -0.000000944400
53948.00000 -0.000000940767
53949.00000 -0.000000935091
53950.00000 -0.000000932534
53951.00000 -0.000000928947
53952.00000 -0.000000927774
53953.00000 -0.000000926215
53954.00000 -0.000000921227
53955.00000 -0.000000912382
53956.00000 -0.000000907180
53957.00000 -0.000000901163
53958.00000 -0.000000896078
53959.00000 -0.000000888575
53960.00000 -0.000000884251
53961.00000 -0.000000883118
53962.00000 -0.000000878173
53963.00000 -0.000000875920
53964.00000 -0.000000872178
53965.00000 -0.000000869516
53966.00000 -0.000000863524
53967.00000 -0.000000855101
53968.00000 -0.000000849052
53969.00000 -0.000000844829
53970.00000 -0.000000843126
53971.00000 -0.000000841966
53972.00000 -0.000000838555
53973.00000 -0.000000837296
53974.00000 -0.000000837529
53975.00000 -0.000000835772
53976.00000 -0.000000832466
53977.00000 -0.000000827523
53978.00000 -0.000000823431
53979.00000 -0.000000817698
53980.00000 -0.000000815750
53981.00000 -0.000000814513
53982.00000 -0.000000811533
53983.00000 -0.000000804007
53984.00000 -0.000000800251
53985.00000 -0.000000800149
53986.00000 -0.000000801532
53987.00000 -0.000000800767
53988.00000 -0.000000794235
53989.00000 -0.000000788609
53990.00000 -0.000000783492
53991.00000 -0.000000776326
53992.00000 -0.000000769450
53993.00000 -0.000000768477
53994.00000 -0.000000764525
53995.00000 -0.000000759170
53996.00000 -0.000000752940
53997.00000 -0.000000749325
53998.00000 -0.000000745670
53999.00000 -0.000000748318
54000.00000 -0.000000746642
54001.00000 -0.000000743516
54002.00000 -0.000000743076
54003.00000 -0.000000738513
54004.00000 -0.000000737435
54005.00000 -0.000000734273
54006.00000 -0.000000727098
54007.00000 -0.000000726039
54008.00000 -0.000000729804
54009.00000 -0.000000726681
54010.00000 -0.000000720526
54011.00000 -0.000000715994
54012.00000 -0.000000716081
54013.00000 -0.000000713582
54014.00000 -0.000000709974
54015.00000 -0.000000709278
54016.00000 -0.000000706843
54017.00000 -0.000000703133
54018.00000 -0.000000698761
54019.00000 -0.000000697722
54020.00000 -0.000000694117
54021.00000 -0.000000689956
54022.00000 -0.000000689776
54023.00000 -0.000000688157
54024.00000 -0.000000684174
54025.00000 -0.000000680316
54026.00000 -0.000000676192
54027.00000 -0.000000678004
54028.00000 -0.000000680681
54029.00000 -0.000000678021
54030.00000 -0.000000673559
54031.00000 -0.000000669225
54032.00000 -0.000000663439
54033.00000 -0.000000659760
54034.00000 -0.000000657478
54035.00000 -0.000000656502
54036.00000 -0.000000659221
54037.00000 -0.000000659883
54038.00000 -0.000000658083
54039.00000 -0.000000656909
54040.00000 -0.000000659980
54041.00000 -0.000000660570
54042.00000 -0.000000662701
54043.00000 -0.000000662790
54044.00000 -0.000000662370
54045.00000 -0.000000661062
54046.00000 -0.000000661132
54047.00000 -0.000000661924
54048.00000 -0.000000661218
54049.00000 -0.000000663169
54050.00000 -0.000000660558
54051.00000 -0.000000658285
54052.00000 -0.000000658101
54053.00000 -0.000000661685
54054.00000 -0.000000661881
54055.00000 -0.000000661517
54056.00000 -0.000000660605
54057.00000 -0.000000660370
54058.00000 -0.000000659697
54059.00000 -0.000000660266
54060.00000 -0.000000659514
54061.00000 -0.000000660572
54062.00000 -0.000000660993
54063.00000 -0.000000659855
54064.00000 -0.000000660395
54065.00000 -0.000000661776
54066.00000 -0.000000663361
54067.00000 -0.000000663639
54068.00000 -0.000000667317
54069.00000 -0.000000668986
54070.00000 -0.000000669763
54071.00000 -0.000000672078
54072.00000 -0.000000677436
54073.00000 -0.000000673656
54074.00000 -0.000000664291
54075.00000 -0.000000662616
54076.00000 -0.000000658255
54077.00000 -0.000000662710
54078.00000 -0.000000667638
54079.00000 -0.000000665380
54080.00000 -0.000000666526
54081.00000 -0.000000668180
54082.00000 -0.000000667706
54083.00000 -0.000000665717
54084.00000 -0.000000668860
54085.00000 -0.000000670341
54086.00000 -0.000000672353
54087.00000 -0.000000675098
54088.00000 -0.000000673481
54089.00000 -0.000000674804
54090.00000 -0.000000680669
54091.00000 -0.000000685354
54092.00000 -0.000000684456
54093.00000 -0.000000681561
54094.00000 -0.000000685607
54095.00000 -0.000000688969
54096.00000 -0.000000687726
54097.00000 -0.000000686870
54098.00000 -0.000000688886
54099.00000 -0.000000689260
54100.00000 -0.000000685494
54101.00000 -0.000000689485
54102.00000 -0.000000687429
54103.00000 -0.000000688509
54104.00000 -0.000000689546
54105.00000 -0.000000688750
54106.00000 -0.000000688439
54107.00000 -0.000000686222
54108.00000 -0.000000690421
54109.00000 -0.000000697289
54110.00000 -0.000000700398
54111.00000 -0.000000701837
54112.00000 -0.000000704010
54113.00000 -0.000000705098
54114.00000 -0.000000708246
54115.00000 -0.000000710639
54116.00000 -0.000000710928
54117.00000 -0.000000713695
54118.00000 -0.000000716562
54119.00000 -0.000000713343
54120.00000 -0.000000713781
54121.00000 -0.000000719447
54122.00000 -0.000000720139
54123.00000 -0.000000720402
54124.00000 -0.000000719162
54125.00000 -0.000000721578
54126.00000 -0.000000729805
54127.00000 -0.000000727058
54128.00000 -0.000000728773
54129.00000 -0.000000732259
