53000.00000 -0.000002707000
53001.00000 -0.000002736000
53002.00000 -0.000002764000
53003.00000 -0.000002799000
53004.00000 -0.000002828000
53005.00000 -0.000002864160
53006.00000 -0.000002895320
53007.00000 -0.000002924480
53008.00000 -0.000002958640
53009.00000 -0.000002998800
53010.00000 -0.000003034500
53011.00000 -0.000003052200
53012.00000 -0.000003048900
53013.00000 -0.000003048600
53014.00000 -0.000003041300
53015.00000 -0.000003038920
53016.00000 -0.000003035540
53017.00000 -0.000003032160
53018.00000 -0.000003029780
53019.00000 -0.000003021400
53020.00000 -0.000003016080
53021.00000 -0.000003018760
53022.00000 -0.000003009440
53023.00000 -0.000003000120
53024.00000 -0.000002993800
53025.00000 -0.000002991740
53026.00000 -0.000002980680
53027.00000 -0.000002974620
53028.00000 -0.000002966560
53029.00000 -0.000002963500
53030.00000 -0.000002958020
53031.00000 -0.000002957540
53032.00000 -0.000002951060
53033.00000 -0.000002946580
53034.00000 -0.000002941100
53035.00000 -0.000002932700
53036.00000 -0.000002606300
53037.00000 -0.000000144900
53038.00000 -0.000000134500
53039.00000 -0.000000133100
53040.00000 -0.000000129760
53041.00000 -0.000000123420
53042.00000 -0.000000118080
53043.00000 -0.000000111740
53044.00000 -0.000000103400
53045.00000 -0.000000097180
53046.00000 -0.000000093960
53047.00000 -0.000000088740
53048.00000 -0.000000084520
53049.00000 -0.000000082300
53050.00000 -0.000000094440
53051.00000 -0.000000143580
53052.00000 -0.000000137720
53053.00000 -0.000000130860
53054.00000 -0.000000130000
53055.00000 -0.000000119600
53056.00000 -0.000000115200
53057.00000 -0.000000107800
53058.00000 -0.000000106400
53059.00000 -0.000000109000
53060.00000 -0.000000105900
53061.00000 -0.000000093800
53062.00000 -0.000000086700
53063.00000 -0.000000081600
53064.00000 -0.000000076500
53065.00000 -0.000000069660
53066.00000 -0.000000059820
53067.00000 -0.000000054980
53068.00000 -0.000000043140
53069.00000 -0.000000039300
53070.00000 -0.000000033520
53071.00000 -0.000000032740
53072.00000 -0.000000027960
53073.00000 -0.000000025180
53074.00000 -0.000000018400
53075.00000 -0.000000010340
53076.00000 -0.000000004280
53077.00000  0.000000000780
53078.00000  0.000000009840
53079.00000  0.000000018900
53080.00000  0.000000029240
53081.00000  0.000000034580
53082.00000  0.000000047920
53083.00000  0.000000050260
53084.00000  0.000000052600
53085.00000  0.000000060060
53086.00000  0.000000070520
53087.00000  0.000000075980
53088.00000  0.000000081440
53089.00000  0.000000082900
53090.00000  0.000000087300
53091.00000  0.000000093700
53092.00000  0.000000104100
53093.00000  0.000000112500
53094.00000  0.000000118900
53095.00000  0.000000122620
53096.00000  0.000000129340
53097.00000  0.000000133060
53098.00000  0.000000136780
53099.00000  0.000000147500
53100.00000  0.000000152980
53101.00000  0.000000164460
53102.00000  0.000000171940
53103.00000  0.000000179420
53104.00000  0.000000185900
53105.00000  0.000000196920
53106.00000  0.000000208940
53107.00000  0.000000212960
53108.00000  0.000000212980
53109.00000  0.000000224000
53110.00000  0.000000233200
53111.00000  0.000000242400
53112.00000  0.000000248600
53113.00000  0.000000258800
53114.00000  0.000000258000
53115.00000  0.000000268220
53116.00000  0.000000271440
53117.00000  0.000000279660
53118.00000  0.000000289880
53119.00000  0.000000294100
53120.00000  0.000000300580
53121.00000  0.000000311060
53122.00000  0.000000316540
53123.00000  0.000000324020
53124.00000  0.000000326500
53125.00000  0.000000332860
53126.00000  0.000000338220
53127.00000  0.000000343580
53128.00000  0.000000352940
53129.00000  0.000000353300
53130.00000  0.000000359240
53131.00000  0.000000370180
53132.00000  0.000000380120
53133.00000  0.000000383060
53134.00000  0.000000384000
53135.00000  0.000000391040
53136.00000  0.000000401080
53137.00000  0.000000405120
53138.00000  0.000000406160
53139.00000  0.000000411200
53140.00000  0.000000416580
53141.00000  0.000000419960
53142.00000  0.000000427340
53143.00000  0.000000429720
53144.00000  0.000000435100
53145.00000  0.000000439840
53146.00000  0.000000445580
53147.00000  0.000000449320
53148.00000  0.000000454060
53149.00000  0.000000460800
53150.00000  0.000000466820
53151.00000  0.000000470840
53152.00000  0.000000473860
53153.00000  0.000000476880
53154.00000  0.000000487900
53155.00000  0.000000497660
53156.00000  0.000000501420
53157.00000  0.000000501180
53158.00000  0.000000505940
53159.00000  0.000000514700
53160.00000  0.000000523000
53161.00000  0.000000525300
53162.00000  0.000000526600
53163.00000  0.000000537900
53164.00000  0.000000544200
53165.00000  0.000000545220
53166.00000  0.000000552240
53167.00000  0.000000556260
53168.00000  0.000000561280
53169.00000  0.000000564300
53170.00000  0.000000576940
53171.00000  0.000000578580
53172.00000  0.000000573220
53173.00000  0.000000581860
53174.00000  0.000000582500
53175.00000  0.000000584480
53176.00000  0.000000588460
53177.00000  0.000000593440
53178.00000  0.000000603420
53179.00000  0.000000601400
53180.00000  0.000000611480
53181.00000  0.000000616560
53182.00000  0.000000615640
53183.00000  0.000000623720
53184.00000  0.000000624800
53185.00000  0.000000628140
53186.00000  0.000000631480
53187.00000  0.000000627820
53188.00000  0.000000630160
53189.00000  0.000000629500
53190.00000  0.000000621360
53191.00000  0.000000617220
53192.00000  0.000000615080
53193.00000  0.000000610940
53194.00000  0.000000609800
53195.00000  0.000000610600
53196.00000  0.000000610400
53197.00000  0.000000602200
53198.00000  0.000000597000
53199.00000  0.000000598800
53200.00000  0.000000591080
53201.00000  0.000000593360
53202.00000  0.000000586640
53203.00000  0.000000595420
53204.00000  0.000000604200
53205.00000  0.000000584080
53206.00000  0.000000586960
53207.00000  0.000000576840
53208.00000  0.000000583720
53209.00000  0.000000577600
53210.00000  0.000000571940
53211.00000  0.000000571280
53212.00000  0.000000564620
53213.00000  0.000000557960
53214.00000  0.000000558300
53215.00000  0.000000549780
53216.00000  0.000000542260
53217.00000  0.000000540740
53218.00000  0.000000540220
53219.00000  0.000000536700
53220.00000  0.000000534240
53221.00000  0.000000521780
53222.00000  0.000000522320
53223.00000  0.000000514860
53224.00000  0.000000503400
53225.00000  0.000000494600
53226.00000  0.000000490800
53227.00000  0.000000491000
53228.00000  0.000000485200
53229.00000  0.000000482400
53230.00000  0.000000478660
53231.00000  0.000000465920
53232.00000  0.000000458180
53233.00000  0.000000455440
53234.00000  0.000000457700
53235.00000  0.000000453480
53236.00000  0.000000454260
53237.00000  0.000000448040
53238.00000  0.000000440820
53239.00000  0.000000434600
53240.00000  0.000000428420
53241.00000  0.000000424240
53242.00000  0.000000421060
53243.00000  0.000000420880
53244.00000  0.000000416700
53245.00000  0.000000407460
53246.00000  0.000000400220
53247.00000  0.000000398980
53248.00000  0.000000397740
53249.00000  0.000000391500
53250.00000  0.000000392760
53251.00000  0.000000388020
53252.00000  0.000000373280
53253.00000  0.000000374540
53254.00000  0.000000374800
53255.00000  0.000000368320
53256.00000  0.000000358840
53257.00000  0.000000356360
53258.00000  0.000000354880
53259.00000  0.000000356400
53260.00000  0.000000351840
53261.00000  0.000000351280
53262.00000  0.000000343720
53263.00000  0.000000344160
53264.00000  0.000000340600
53265.00000  0.000000332580
53266.00000  0.000000326560
53267.00000  0.000000323540
53268.00000  0.000000326520
53269.00000  0.000000330500
53270.00000  0.000000327420
53271.00000  0.000000326340
53272.00000  0.000000317260
53273.00000  0.000000313180
53274.00000  0.000000312100
53275.00000  0.000000311960
53276.00000  0.000000302820
53277.00000  0.000000298680
53278.00000  0.000000292540
53279.00000  0.000000288400
53280.00000  0.000000284700
53281.00000  0.000000280000
53282.00000  0.000000277300
53283.00000  0.000000271600
53284.00000  0.000000273900
53285.00000  0.000000272600
53286.00000  0.000000268300
53287.00000  0.000000265000
53288.00000  0.000000260700
53289.00000  0.000000260400
53290.00000  0.000000258400
53291.00000  0.000000253400
53292.00000  0.000000250400
53293.00000  0.000000245400
53294.00000  0.000000245400
53295.00000  0.000000244260
53296.00000  0.000000235120
53297.00000  0.000000183980
53298.00000  0.000000309840
53299.00000  0.000000230700
53300.00000  0.000000262360
53301.00000  0.000000228020
53302.00000  0.000000228680
53303.00000  0.000000221340
53304.00000  0.000000217000
53305.00000  0.000000211700
53306.00000  0.000000205400
53307.00000  0.000000206100
53308.00000  0.000000206800
53309.00000  0.000000207500
53310.00000  0.000000210200
53311.00000  0.000000272900
53312.00000  0.000000197600
53313.00000  0.000000193300
53314.00000  0.000000188000
53315.00000  0.000000184920
53316.00000  0.000000180840
53317.00000  0.000000182760
53318.00000  0.000000176680
53319.00000  0.000000170600
53320.00000  0.000000170920
53321.00000  0.000000166240
53322.00000  0.000000161560
53323.00000  0.000000158880
53324.00000  0.000000157200
53325.00000  0.000000153560
53326.00000  0.000000143920
53327.00000  0.000000146280
53328.00000  0.000000150640
53329.00000  0.000000141000
53330.00000  0.000000141600
53331.00000  0.000000145200
53332.00000  0.000000144800
53333.00000  0.000000140400
53334.00000  0.000000138000
53335.00000  0.000000137700
53336.00000  0.000000138400
53337.00000  0.000000138100
53338.00000  0.000000138800
53339.00000  0.000000135500
53340.00000  0.000000130780
53341.00000  0.000000121060
53342.00000  0.000000124340
53343.00000  0.000000127620
53344.00000  0.000000121900
53345.00000  0.000000120680
53346.00000  0.000000112460
53347.00000  0.000000105240
53348.00000  0.000000103020
53349.00000  0.000000097800
53350.00000  0.000000091060
53351.00000  0.000000089320
53352.00000  0.000000080580
53353.00000  0.000000074840
53354.00000  0.000000068100
53355.00000  0.000000066980
53356.00000  0.000000062860
53357.00000  0.000000059740
53358.00000  0.000000056620
53359.00000  0.000000051500
53360.00000  0.000000047320
53361.00000  0.000000041140
53362.00000  0.000000030960
53363.00000  0.000000024780
53364.00000  0.000000021600
53365.00000  0.000000018740
53366.00000  0.000000007880
53367.00000  0.000000005020
53368.00000 -0.000000000840
53369.00000 -0.000000006700
53370.00000 -0.000000008560
53371.00000 -0.000000013420
53372.00000 -0.000000023280
53373.00000 -0.000000029140
53374.00000 -0.000000044000
53375.00000 -0.000000049800
53376.00000 -0.000000054600
53377.00000 -0.000000058400
53378.00000 -0.000000066200
53379.00000 -0.000000076000
53380.00000 -0.000000081640
53381.00000 -0.000000085280
53382.00000 -0.000000089920
53383.00000 -0.000000097560
53384.00000 -0.000000102200
53385.00000 -0.000000101780
53386.00000 -0.000000104360
53387.00000 -0.000000113940
53388.00000 -0.000000122520
53389.00000 -0.000000131100
53390.00000 -0.000000142080
53391.00000 -0.000000157060
53392.00000 -0.000000164040
53393.00000 -0.000000169020
53394.00000 -0.000000170000
53395.00000 -0.000000175880
53396.00000 -0.000000180760
53397.00000 -0.000000186640
53398.00000 -0.000000195520
53399.00000 -0.000000200400
53400.00000 -0.000000207580
53401.00000 -0.000000214760
53402.00000 -0.000000227940
53403.00000 -0.000000236120
53404.00000 -0.000000246300
53405.00000 -0.000000252320
53406.00000 -0.000000259340
53407.00000 -0.000000268360
53408.00000 -0.000000277380
53409.00000 -0.000000285400
53410.00000 -0.000000294480
53411.00000 -0.000000302560
53412.00000 -0.000000310640
53413.00000 -0.000000320720
53414.00000 -0.000000327800
53415.00000 -0.000000327080
53416.00000 -0.000000335360
53417.00000 -0.000000339640
53418.00000 -0.000000343920
53419.00000 -0.000000360200
53420.00000 -0.000000369580
53421.00000 -0.000000375960
53422.00000 -0.000000394340
53423.00000 -0.000000395720
53424.00000 -0.000000400100
53425.00000 -0.000000409220
53426.00000 -0.000000417340
53427.00000 -0.000000424460
53428.00000 -0.000000439580
53429.00000 -0.000000438700
53430.00000 -0.000000437360
53431.00000 -0.000000445020
53432.00000 -0.000000455680
53433.00000 -0.000000468340
53434.00000 -0.000000478000
53435.00000 -0.000000483580
53436.00000 -0.000000493160
53437.00000 -0.000000502740
53438.00000 -0.000000505320
53439.00000 -0.000000509900
53440.00000 -0.000000513180
53441.00000 -0.000000522460
53442.00000 -0.000000531740
53443.00000 -0.000000538020
53444.00000 -0.000000543300
53445.00000 -0.000000550720
53446.00000 -0.000000557140
53447.00000 -0.000000563560
53448.00000 -0.000000570980
53449.00000 -0.000000580400
53450.00000 -0.000000583600
53451.00000 -0.000000594800
53452.00000 -0.000000601000
53453.00000 -0.000000609200
53454.00000 -0.000000622400
53455.00000 -0.000000643340
53456.00000 -0.000000656280
53457.00000 -0.000000662220
53458.00000 -0.000000671160
53459.00000 -0.000000680100
53460.00000 -0.000000687460
53461.00000 -0.000000701820
53462.00000 -0.000000709180
53463.00000 -0.000000720540
53464.00000 -0.000000737900
53465.00000 -0.000000746620
53466.00000 -0.000000757340
53467.00000 -0.000000772060
53468.00000 -0.000000779780
53469.00000 -0.000000788500
53470.00000 -0.000000800540
53471.00000 -0.000000817580
53472.00000 -0.000000826620
53473.00000 -0.000000831660
53474.00000 -0.000000843700
53475.00000 -0.000000859160
53476.00000 -0.000000868620
53477.00000 -0.000000880080
53478.00000 -0.000000895540
53479.00000 -0.000000900000
53480.00000 -0.000000910360
53481.00000 -0.000000917720
53482.00000 -0.000000929080
53483.00000 -0.000000943440
53484.00000 -0.000000957800
53485.00000 -0.000000964280
53486.00000 -0.000000975760
53487.00000 -0.000000991240
53488.00000 -0.000001001720
53489.00000 -0.000001014200
53490.00000 -0.000001023580
53491.00000 -0.000001032960
53492.00000 -0.000001046340
53493.00000 -0.000001063720
53494.00000 -0.000001076100
53495.00000 -0.000001088040
53496.00000 -0.000001104980
53497.00000 -0.000001117920
53498.00000 -0.000001124860
53499.00000 -0.000001136800
53500.00000 -0.000001152480
53501.00000 -0.000001163160
53502.00000 -0.000001168840
53503.00000 -0.000001180520
53504.00000 -0.000001196200
53505.00000 -0.000001211260
53506.00000 -0.000001225320
53507.00000 -0.000001240380
53508.00000 -0.000001246440
53509.00000 -0.000001258500
53510.00000 -0.000001270380
53511.00000 -0.000001282260
53512.00000 -0.000001295140
53513.00000 -0.000001306020
53514.00000 -0.000001321900
53515.00000 -0.000001332340
53516.00000 -0.000001343780
53517.00000 -0.000001359220
53518.00000 -0.000001367660
53519.00000 -0.000001379100
53520.00000 -0.000001386360
53521.00000 -0.000001393620
53522.00000 -0.000001404880
53523.00000 -0.000001416140
53524.00000 -0.000001430400
53525.00000 -0.000001437460
53526.00000 -0.000001450520
53527.00000 -0.000001462580
53528.00000 -0.000001474640
53529.00000 -0.000001485700
53530.00000 -0.000001499820
53531.00000 -0.000001514940
53532.00000 -0.000001527060
53533.00000 -0.000001537180
53534.00000 -0.000001549300
53535.00000 -0.000001561840
53536.00000 -0.000001574380
53537.00000 -0.000001587920
53538.00000 -0.000001600460
53539.00000 -0.000001609000
53540.00000 -0.000001618080
53541.00000 -0.000001626160
53542.00000 -0.000001641240
53543.00000 -0.000001656320
53544.00000 -0.000001656400
53545.00000 -0.000001651580
53546.00000 -0.000001650760
53547.00000 -0.000001646940
53548.00000 -0.000001645120
53549.00000 -0.000001634300
53550.00000 -0.000001636280
53551.00000 -0.000001626260
53552.00000 -0.000001624240
53553.00000 -0.000001618220
53554.00000 -0.000001619200
53555.00000 -0.000001613500
53556.00000 -0.000001600800
53557.00000 -0.000001600100
53558.00000 -0.000001599400
53559.00000 -0.000001590700
53560.00000 -0.000001582680
53561.00000 -0.000001582660
53562.00000 -0.000001580640
53563.00000 -0.000001574620
53564.00000 -0.000001570600
53565.00000 -0.000001565460
53566.00000 -0.000001566320
53567.00000 -0.000001559180
53568.00000 -0.000001561040
53569.00000 -0.000001556900
53570.00000 -0.000001551160
53571.00000 -0.000001545420
53572.00000 -0.000001539680
53573.00000 -0.000001533940
53574.00000 -0.000001530200
53575.00000 -0.000001525180
53576.00000 -0.000001516160
53577.00000  0.000093634860
53578.00000  0.000044438879
53579.00000 -0.000001509543
53580.00000 -0.000001502900
53581.00000 -0.000001499700
53582.00000 -0.000001497500
53583.00000 -0.000001489300
53584.00000 -0.000001484100
53585.00000 -0.000001481400
53586.00000 -0.000001477700
53587.00000 -0.000001475000
53588.00000 -0.000001473300
53589.00000 -0.000001466600
53590.00000 -0.000001457680
53591.00000 -0.000001453760
53592.00000 -0.000001452840
53593.00000 -0.000001450920
53594.00000 -0.000001445000
53595.00000 -0.000001437280
53596.00000 -0.000001435560
53597.00000 -0.000001424840
53598.00000 -0.000001428120
53599.00000 -0.000001426400
53600.00000 -0.000001427940
53601.00000 -0.000001424480
53602.00000 -0.000001421020
53603.00000 -0.000001412560
53604.00000 -0.000001410100
53605.00000 -0.000001405500
53606.00000 -0.000001406900
53607.00000 -0.000001399300
53608.00000 -0.000001392700
53609.00000 -0.000001388100
53610.00000 -0.000001381320
53611.00000 -0.000001376540
53612.00000 -0.000001371760
53613.00000 -0.000001373980
53614.00000 -0.000001374200
53615.00000 -0.000001367720
53616.00000 -0.000001364240
53617.00000 -0.000001359760
53618.00000 -0.000001360280
53619.00000 -0.000001358800
53620.00000 -0.000001353640
53621.00000 -0.000001355480
53622.00000 -0.000001355320
53623.00000 -0.000001355160
53624.00000 -0.000001355000
53625.00000 -0.000001354800
53626.00000 -0.000001354600
53627.00000 -0.000001355400
53628.00000 -0.000001355200
53629.00000 -0.000001350000
53630.00000 -0.000001352600
53631.00000 -0.000001357200
53632.00000 -0.000001350800
53633.00000 -0.000001346400
53634.00000 -0.000001342000
53635.00000 -0.000001340220
53636.00000 -0.000001335440
53637.00000 -0.000001334660
53638.00000 -0.000001331880
53639.00000 -0.000001337100
53640.00000 -0.000001336520
53641.00000 -0.000001335940
53642.00000 -0.000001345360
53643.00000 -0.000001344780
53644.00000 -0.000001344200
53645.00000 -0.000001345180
53646.00000 -0.000001348160
53647.00000 -0.000001353140
53648.00000 -0.000001361120
53649.00000 -0.000001357100
53650.00000 -0.000001361800
53651.00000 -0.000001366500
53652.00000 -0.000001365200
53653.00000 -0.000001370900
53654.00000 -0.000001371600
53655.00000 -0.000001373140
53656.00000 -0.000001372680
53657.00000 -0.000001379220
53658.00000 -0.000001376760
53659.00000 -0.000001378300
53660.00000 -0.000001385480
53661.00000 -0.000001380660
53662.00000 -0.000001380840
53663.00000 -0.000001382020
53664.00000 -0.000001383200
53665.00000 -0.000001390180
53666.00000 -0.000001389160
53667.00000 -0.000001389140
53668.00000 -0.000001393120
53669.00000 -0.000001398100
53670.00000 -0.000001401240
53671.00000 -0.000001398380
53672.00000 -0.000001397520
53673.00000 -0.000001403660
53674.00000 -0.000001408800
53675.00000 -0.000001414260
53676.00000 -0.000001411720
53677.00000 -0.000001416180
53678.00000 -0.000001413640
53679.00000 -0.000001416100
53680.00000 -0.000001419540
53681.00000 -0.000001419980
53682.00000 -0.000001419420
53683.00000 -0.000001420860
53684.00000 -0.000001419300
53685.00000 -0.000001424300
53686.00000 -0.000001423300
53687.00000 -0.000001424800
53688.00000 -0.000001426300
53689.00000 -0.000001909300
53690.00000 -0.000001935300
53691.00000 -0.000001931300
53692.00000 -0.000001930300
53693.00000 -0.000001930300
53694.00000 -0.000001939300
53695.00000 -0.000001945820
53696.00000 -0.000001945340
53697.00000 -0.000001946860
53698.00000 -0.000001949380
53699.00000 -0.000001951900
53700.00000 -0.000001957340
53701.00000 -0.000001962780
53702.00000 -0.000001967220
53703.00000 -0.000001969660
53704.00000 -0.000001970100
53705.00000 -0.000001974260
53706.00000 -0.000001979420
53707.00000 -0.000001981580
53708.00000 -0.000001985740
53709.00000 -0.000001990900
53710.00000 -0.000001991560
53711.00000 -0.000002001220
53712.00000 -0.000002009880
53713.00000 -0.000002011540
53714.00000 -0.000002012200
53715.00000 -0.000002007060
53716.00000 -0.000002008920
53717.00000 -0.000002011780
53718.00000 -0.000002019640
53719.00000 -0.000002028500
53720.00000 -0.000002031720
53721.00000 -0.000002031940
53722.00000 -0.000002038160
53723.00000 -0.000002039380
53724.00000 -0.000002041600
53725.00000 -0.000002043920
53726.00000 -0.000002047240
53727.00000 -0.000002044560
53728.00000 -0.000002052880
53729.00000 -0.000002058200
53730.00000 -0.000002067040
53731.00000 -0.000002071880
53732.00000 -0.000002070720
53733.00000 -0.000002071560
53734.00000 -0.000002071400
53735.00000 -0.000002075160
53736.00000 -0.000002083920
53737.00000 -0.000002092680
53738.00000 -0.000002088440
53739.00000 -0.000002088200
53740.00000 -0.000002089760
53741.00000 -0.000002095320
53742.00000 -0.000002099880
53743.00000 -0.000002104440
53744.00000 -0.000002104000
53745.00000 -0.000002101880
53746.00000 -0.000002100760
53747.00000 -0.000002109640
53748.00000 -0.000002114520
53749.00000 -0.000002119400
53750.00000 -0.000002121560
53751.00000 -0.000002123720
53752.00000 -0.000002125880
53753.00000 -0.000002133040
53754.00000 -0.000002138200
53755.00000 -0.000002139300
53756.00000 -0.000002143400
53757.00000 -0.000002149500
53758.00000 -0.000002156600
53759.00000 -0.000002152700
53760.00000 -0.000002156100
53761.00000 -0.000002157500
53762.00000 -0.000002159900
53763.00000 -0.000002162300
53764.00000 -0.000002167700
53765.00000 -0.000002173160
53766.00000 -0.000002178620
53767.00000 -0.000002179080
53768.00000 -0.000002178540
53769.00000 -0.000002176000
53770.00000 -0.000002175700
53771.00000 -0.000002168400
53772.00000 -0.000002162100
53773.00000 -0.000002150800
53774.00000 -0.000002148500
53775.00000 -0.000002160340
53776.00000 -0.000000784180
53777.00000 -0.000000786020
53778.00000  0.000007532140
53779.00000 -0.000002124700
53780.00000 -0.000002117480
53781.00000 -0.000002115260
53782.00000 -0.000002109040
53783.00000 -0.000002103820
53784.00000 -0.000002097600
53785.00000 -0.000002085200
53786.00000 -0.000002081800
53787.00000 -0.000002078400
53788.00000 -0.000002074000
53789.00000 -0.000002070600
53790.00000 -0.000002070860
53791.00000 -0.000002065120
53792.00000 -0.000002063380
53793.00000 -0.000002043640
53794.00000 -0.000002040900
53795.00000 -0.000002030600
53796.00000 -0.000002017300
53797.00000 -0.000002013000
53798.00000 -0.000002001700
53799.00000 -0.000001994400
53800.00000 -0.000002001360
53801.00000 -0.000001999320
53802.00000 -0.000001994280
53803.00000 -0.000001987240
53804.00000 -0.000001980200
53805.00000 -0.000001978760
53806.00000 -0.000001972320
53807.00000 -0.000001969880
53808.00000 -0.000001956440
53809.00000 -0.000001957000
53810.00000 -0.000001953340
53811.00000 -0.000001950680
53812.00000 -0.000001948020
53813.00000 -0.000001939360
53814.00000 -0.000001929700
53815.00000 -0.000001925900
53816.00000 -0.000001916100
53817.00000 -0.000001909300
53818.00000 -0.000001900500
53819.00000 -0.000001900700
53820.00000 -0.000001896620
53821.00000 -0.000001891540
53822.00000 -0.000001887460
53823.00000 -0.000001879380
53824.00000 -0.000001873300
53825.00000 -0.000001869840
53826.00000 -0.000001865380
53827.00000 -0.000001860920
53828.00000 -0.000001852460
53829.00000 -0.000001852000
53830.00000 -0.000001848520
53831.00000 -0.000001849040
53832.00000 -0.000001843560
53833.00000 -0.000001839080
53834.00000 -0.000001829600
53835.00000 -0.000001823300
53836.00000 -0.000001827000
53837.00000 -0.000001824700
53838.00000 -0.000001822400
53839.00000 -0.000001810100
53840.00000 -0.000001803820
53841.00000 -0.000001803540
53842.00000 -0.000001797260
53843.00000 -0.000001790980
53844.00000 -0.000001790700
53845.00000 -0.000001789280
53846.00000 -0.000001784860
53847.00000 -0.000001778440
53848.00000 -0.000001774020
53849.00000 -0.000001764600
53850.00000 -0.000001759860
53851.00000 -0.000001759120
53852.00000 -0.000001760380
53853.00000 -0.000001753640
53854.00000 -0.000001744900
53855.00000 -0.000001741700
53856.00000 -0.000001735500
53857.00000 -0.000001731300
53858.00000 -0.000001729100
53859.00000 -0.000001729900
53860.00000 -0.000001726280
53861.00000 -0.000001723660
53862.00000 -0.000001720040
53863.00000 -0.000001712420
53864.00000 -0.000001709800
53865.00000 -0.000001705760
53866.00000 -0.000001704720
53867.00000 -0.000001704680
53868.00000 -0.000001699640
53869.00000 -0.000001689600
53870.00000 -0.000001684920
53871.00000 -0.000001677240
53872.00000 -0.000001670560
53873.00000 -0.000001665880
53874.00000 -0.000001668200
53875.00000 -0.000001660120
53876.00000 -0.000001657040
53877.00000 -0.000001657960
53878.00000 -0.000001654880
53879.00000 -0.000001643800
53880.00000 -0.000001638480
53881.00000 -0.000001638160
53882.00000 -0.000001636840
53883.00000 -0.000001630520
53884.00000 -0.000001626200
53885.00000 -0.000001626020
53886.00000 -0.000001615840
53887.00000 -0.000001609660
53888.00000 -0.000001611480
53889.00000 -0.000001609300
53890.00000 -0.000001601080
53891.00000 -0.000001591860
53892.00000 -0.000001587640
53893.00000 -0.000001590420
53894.00000 -0.000001587200
53895.00000 -0.000001579160
53896.00000 -0.000001576120
53897.00000 -0.000001574080
53898.00000 -0.000001570040
53899.00000 -0.000001569000
53900.00000 -0.000001562940
53901.00000 -0.000001561880
53902.00000 -0.000001548820
53903.00000 -0.000001543093
53904.00000 -0.000001537367
53905.00000 -0.000001538760
53906.00000 -0.000001537820
53907.00000 -0.000001530880
53908.00000 -0.000001523940
53909.00000 -0.000001521000
53910.00000 -0.000001517600
53911.00000 -0.000001514200
53912.00000 -0.000001504800
53913.00000 -0.000001496400
53914.00000 -0.000001491000
53915.00000 -0.000001491920
53916.00000 -0.000001485840
53917.00000 -0.000001481760
53918.00000 -0.000001475680
53919.00000 -0.000001475600
53920.00000 -0.000001474900
53921.00000 -0.000001469200
53922.00000 -0.000001462500
53923.00000 -0.000001456800
53924.00000 -0.000001452100
53925.00000 -0.000001445920
53926.00000 -0.000001441740
53927.00000 -0.000001436560
53928.00000 -0.000001432380
53929.00000 -0.000001430200
53930.00000 -0.000001427400
53931.00000 -0.000001425600
53932.00000 -0.000001427800
53933.00000 -0.000001424000
53934.00000 -0.000001417200
53935.00000 -0.000001413180
53936.00000 -0.000001404160
53937.00000 -0.000001397140
53938.00000 -0.000001392120
53939.00000 -0.000001393100
53940.00000 -0.000001389560
53941.00000 -0.000001386020
53942.00000 -0.000001381480
53943.00000 -0.000001374940
53944.00000 -0.000001371400
53945.00000 -0.000001378020
53946.00000 -0.000001370640
53947.00000 -0.000001366260
53948.00000 -0.000001357880
53949.00000 -0.000001352500
53950.00000 -0.000001346880
53951.00000 -0.000001349260
53952.00000 -0.000001343640
53953.00000 -0.000001339020
53954.00000 -0.000001329400
53955.00000 -0.000001328580
53956.00000 -0.000001322760
53957.00000 -0.000001315940
53958.00000 -0.000001311120
53959.00000 -0.000001306300
53960.00000 -0.000001301380
53961.00000 -0.000001291460
53962.00000 -0.000001288540
53963.00000 -0.000001283620
53964.00000 -0.000001282700
53965.00000 -0.000001280840
53966.00000 -0.000001280980
53967.00000 -0.000001273120
53968.00000 -0.000001268260
53969.00000 -0.000001262400
53970.00000 -0.000001256280
53971.00000 -0.000001262160
53972.00000 -0.000001261040
53973.00000 -0.000001257920
53974.00000 -0.000001250800
53975.00000 -0.000001242240
53976.00000 -0.000001240680
53977.00000 -0.000001238120
53978.00000 -0.000001231560
53979.00000 -0.000001229000
53980.00000 -0.000001230100
53981.00000 -0.000001227200
53982.00000 -0.000001226300
53983.00000 -0.000001223400
53984.00000 -0.000001213500
53985.00000 -0.000001204320
53986.00000 -0.000001203140
53987.00000 -0.000001198960
53988.00000 -0.000001196780
53989.00000 -0.000001198600
53990.00000 -0.000001196200
53991.00000 -0.000001183800
53992.00000 -0.000001181400
53993.00000 -0.000001178000
53994.00000 -0.000001177600
53995.00000 -0.000001167800
53996.00000 -0.000001165000
53997.00000 -0.000001159200
53998.00000 -0.000001158400
53999.00000 -0.000001157267
54000.00000 -0.000001156413
54001.00000 -0.000001155560
54002.00000 -0.000001152040
54003.00000 -0.000001148520
54004.00000 -0.000001148000
54005.00000 -0.000001148960
54006.00000 -0.000001142920
54007.00000 -0.000001141880
54008.00000 -0.000001133840
54009.00000 -0.000000276800
54010.00000 -0.000001133500
54011.00000 -0.000001129200
54012.00000 -0.000001129900
54013.00000 -0.000001132600
54014.00000 -0.000001126300
54015.00000 -0.000001127760
54016.00000 -0.000001123220
54017.00000 -0.000001115680
54018.00000 -0.000001111140
54019.00000 -0.000001109600
54020.00000 -0.000001106960
54021.00000 -0.000001106320
54022.00000 -0.000001102680
54023.00000 -0.000001100040
54024.00000 -0.000001098400
54025.00000 -0.000001090920
54026.00000 -0.000001091440
54027.00000 -0.000001091960
54028.00000 -0.000001085480
54029.00000 -0.000001086000
54030.00000 -0.000001084580
54031.00000 -0.000001086160
54032.00000 -0.000001079740
54033.00000 -0.000001074320
54034.00000 -0.000001072900
54035.00000 -0.000001072160
54036.00000 -0.000001066420
54037.00000 -0.000001065680
54038.00000 -0.000001063940
54039.00000 -0.000001067200
54040.00000 -0.000001068660
54041.00000 -0.000001068120
54042.00000 -0.000001070580
54043.00000 -0.000001072040
54044.00000 -0.000001071500
54045.00000 -0.000001068200
54046.00000 -0.000001067900
54047.00000 -0.000001069600
54048.00000 -0.000001068300
54049.00000 -0.000001070000
54050.00000 -0.000001072300
54051.00000 -0.000001071600
54052.00000 -0.000001074900
54053.00000 -0.000001077200
54054.00000 -0.000001076500
54055.00000 -0.000001074020
54056.00000 -0.000001073540
54057.00000 -0.000001075060
54058.00000 -0.000001072580
54059.00000 -0.000001070100
54060.00000 -0.000001066440
54061.00000 -0.000001063780
54062.00000 -0.000001066453
54063.00000 -0.000001069127
54064.00000 -0.000001071800
54065.00000 -0.000001079780
54066.00000 -0.000001079760
54067.00000 -0.000001078740
54068.00000 -0.000001081720
54069.00000 -0.000001079700
54070.00000 -0.000001080000
54071.00000 -0.000001080300
54072.00000 -0.000001082600
54073.00000 -0.000001080900
54074.00000 -0.000001084200
54075.00000 -0.000001085420
54076.00000 -0.000001086640
54077.00000 -0.000001088860
54078.00000 -0.000001085080
54079.00000 -0.000001084300
54080.00000 -0.000001086940
54081.00000 -0.000001084580
54082.00000 -0.000001088220
54083.00000 -0.000001087860
54084.00000  0.000027364500
54085.00000 -0.000000157000
54086.00000 -0.000000155500
54087.00000 -0.000001088000
54088.00000 -0.000001091500
54089.00000 -0.000001092000
54090.00000 -0.000001094300
54091.00000 -0.000001095600
54092.00000 -0.000001095900
54093.00000 -0.000001097075
54094.00000 -0.000001098250
54095.00000 -0.000001098325
54096.00000 -0.000001098400
54097.00000 -0.000001098475
54098.00000 -0.000001098550
54099.00000 -0.000001098625
54100.00000 -0.000001098620
54101.00000 -0.000001098740
54102.00000 -0.000001104860
54103.00000 -0.000001105980
54104.00000 -0.000001105100
54105.00000 -0.000001105100
54106.00000 -0.000001105100
54107.00000 -0.000001104100
54108.00000 -0.000001109100
54109.00000 -0.000001111100
54110.00000 -0.000001113940
54111.00000 -0.000001115780
54112.00000 -0.000001115620
54113.00000 -0.000001116460
54114.00000 -0.000001124300
54115.00000 -0.000001132580
54116.00000 -0.000001132860
54117.00000 -0.000001136140
54118.00000 -0.000001135420
54119.00000 -0.000001128700
54120.00000 -0.000001130660
54121.00000 -0.000001132620
54122.00000 -0.000001134580
54123.00000 -0.000001138540
54124.00000 -0.000001139500
54125.00000 -0.000001142020
54126.00000 -0.000001144540
54127.00000 -0.000001147060
54128.00000 -0.000001149580
54129.00000 -0.000001146100
