 0.693748  2.097000e-15
 1.240699  5.644600e-16
 0.002101  -9.792100e-21
 0.005757  -4.985000e-20
 0.005358  -3.430000e-21
 0.003536  9.850900e-20
 0.002624  6.450000e-20
 0.004040  -4.215000e-20
 0.003210  -1.835000e-21
 0.003485  -4.587200e-20
 0.004346  -1.220600e-19
 0.003677  -3.843000e-20
 0.003054  -2.187100e-20
 0.002643  3.035300e-20
 0.004033  3.401300e-20
 0.002830  -1.205360e-19
 0.007588  2.937400e-19
 0.004343  9.522900e-20
 0.004865  1.000000e-20
 0.001877  4.959000e-21
 0.942951  4.082100e-16
 1.118225  2.878973e-15
 0.926276  4.463200e-15
 1.217094  2.354540e-15
 0.354732  7.000000e-18
 2.115171  9.537640e-15
 0.472037  3.328490e-15
 0.738062  1.000000e-16
 5.439870  1.500000e-11
 1.679164  5.954920e-15
 1.283660  1.305100e-14
 1.071118  4.809000e-17
 0.807565  7.704000e-17
 0.325883  4.859000e-15
 0.101439  5.849955e-15
 0.463474  1.200000e-16
 0.136962  7.837180e-17
 0.272451  1.071167e-14
 1.222949  3.910700e-16
 8.688330  1.960300e-12
 0.196321  2.567690e-16
 1.464665  4.425900e-16
 0.832742  1.299202e-15
 1.811561  1.516000e-16
 2.351745  1.889254e-13
 0.065686  1.939300e-13
 0.630550  1.199400e-15
 1.077333  2.900000e-16
 0.548880  6.621200e-16
 0.002323  7.738900e-20
 1.466820  3.109980e-15
 0.447708  3.060000e-17
 1.387584  1.295235e-15
 3.032072  6.356200e-16
 0.714520  2.048289e-15
 0.269201  7.350500e-18
 1.934478  1.342243e-14
 0.197030  4.765940e-16
 0.156382  4.396862e-15
 0.545253  1.538200e-15
 0.594574  5.576830e-15
 0.390715  7.660100e-17
 2.161308  1.163380e-15
 0.005757  5.729110e-20
 0.450448  1.483470e-16
 0.438014  1.026490e-16
 0.548939  5.753107e-15
 0.340729  2.372270e-15
 0.320423  1.021190e-14
 1.133076  1.398250e-15
 0.638565  5.582339e-15
 0.691251  2.309000e-14
 0.241642  3.009200e-17
 0.354438  7.360520e-17
 8.047000  6.500000e-11
 3.745513  4.003633e-14
 0.975725  1.550900e-14
 0.963018  1.600000e-16
 0.033085  4.227650e-13
 0.200510  1.140000e-14
 1.245856  5.650000e-16
 0.016115  5.124000e-14
 0.143158  3.669839e-15
 0.050354  4.790660e-13
 1.286015  8.200000e-16
 0.245975  1.542269e-14
 2.261365  2.780000e-15
 0.395969  1.302098e-15
 0.297982  5.946810e-17
 0.003062  9.572000e-21
 0.334960  5.944940e-14
 0.028854  4.732000e-20
 1.039076  8.304420e-16
 0.476623  1.995730e-15
 1.244419  7.122900e-15
 0.287773  1.046836e-13
 0.237093  1.097495e-14
 1.214441  3.798787e-15
 0.384891  5.500309e-14
 0.195671  6.850000e-19
 1.214090  4.000000e-16
 0.005491  1.490000e-20
 0.424311  9.264000e-17
 0.251659  1.132879e-13
 0.510160  1.895713e-14
 0.320366  5.468830e-15
 0.374920  1.616100e-15
 0.166762  1.682112e-14
 0.214836  2.730000e-15
 1.095452  9.770000e-16
 0.003479  7.783000e-21
 1.442349  1.079865e-15
 0.682265  1.618890e-15
 0.547199  3.082500e-15
 1.292241  1.681140e-16
 1.238130  2.105178e-15
 0.545446  1.890000e-17
 0.864873  1.045500e-16
 0.530661  1.709320e-15
 1.848919  9.963000e-16
 0.311674  1.279000e-15
 0.121116  4.437000e-15
 0.541404  9.778000e-15
 0.089328  1.250080e-13
 1.273768  6.799219e-15
 0.751624  3.539300e-15
 1.703946  8.100000e-16
 0.720612  1.644000e-15
 0.644354  9.497000e-15
 0.208956  1.723800e-16
 1.116097  1.601350e-15
 1.602228  4.463000e-16
 0.367953  7.908000e-16
 1.267536  6.320950e-15
 0.064686  7.262690e-15
 0.575072  1.362000e-14
 0.962509  1.677000e-15
 0.326774  2.334387e-14
 0.441995  8.749400e-14
 0.660313  1.070000e-16
 0.965171  1.887000e-15
 0.549553  4.630000e-16
 0.988281  1.490000e-16
 0.346287  2.489796e-14
 0.253556  1.830300e-15
 0.401626  6.695000e-16
 0.106755  1.515100e-14
 1.362890  3.330000e-16
 1.567994  3.608120e-15
 0.430619  1.371950e-14
 0.950289  9.756900e-14
 0.746295  3.547700e-14
 0.739501  4.878000e-15
 1.931627  2.500000e-16
 0.570409  2.690000e-16
 1.444771  4.637000e-15
 0.087545  3.286830e-14
 0.658558  1.137900e-15
 0.664367  2.285400e-14
 0.808127  3.962840e-14
 1.087418  9.109000e-17
 0.570264  4.525600e-17
 0.331586  4.829100e-15
 1.097706  3.493390e-15
 1.373815  5.800000e-16
 0.253065  2.297580e-16
 0.472834  4.391200e-14
 0.862118  3.517000e-15
 0.203557  1.947000e-15
 0.670086  8.200000e-17
 0.255677  9.595000e-16
 1.436583  5.139600e-14
 1.661177  8.600000e-16
 0.777501  1.570000e-15
 0.307072  2.207370e-14
 0.835797  5.730000e-16
 0.005256  1.713420e-20
 2.517945  8.809000e-16
 2.133591  3.765000e-14
 0.819911  1.769000e-14
 0.442901  5.580000e-16
 0.139882  5.736800e-14
 0.769584  1.926000e-15
 0.087834  6.980000e-16
 0.107380  8.061819e-14
 0.503459  3.130000e-15
 1.804695  1.742190e-15
 0.162499  2.007700e-14
 1.238305  4.047000e-14
 0.016453  4.341000e-20
 1.643726  1.454000e-13
 0.005162  1.852900e-20
 0.306411  1.784000e-15
 0.464208  3.000000e-15
 1.150590  2.304600e-16
 0.579577  3.504000e-16
 0.510368  1.648380e-15
 0.661992  1.251200e-15
 1.386368  9.448500e-16
 1.170859  6.733000e-15
 0.288602  1.040400e-14
 0.007474  1.766000e-20
 0.369427  1.144000e-15
 0.330328  6.100600e-17
 0.198451  1.687140e-15
 0.123671  9.631900e-14
 6.452077  3.809000e-11
 2.202325  4.410000e-15
 0.180592  1.998310e-14
 0.346909  4.074000e-15
 0.448635  7.080000e-16
 2.919397  2.033600e-14
 0.676082  5.760000e-16
 0.422447  3.575700e-15
 0.197108  5.833500e-15
 1.347402  1.327000e-15
 0.616270  6.570000e-16
 1.184999  4.300000e-15
 0.396587  9.904000e-16
 0.280905  1.966730e-15
 0.063193  1.582660e-14
 1.516531  3.400000e-16
 1.799396  1.558000e-13
 0.558253  2.064000e-15
 0.064962  3.145960e-14
 0.334213  8.240000e-16
 0.820484  2.841000e-15
 0.880820  4.608760e-14
 1.656440  2.492785e-15
 0.259777  7.235000e-15
 0.943158  7.953600e-15
 0.505097  1.251000e-14
 1.155272  2.400000e-16
 0.407746  4.021782e-12
 2.280597  3.670000e-15
 0.535783  2.766900e-15
 0.244838  6.540000e-17
 0.640234  6.460000e-15
 0.271434  5.253080e-15
 0.232976  2.750020e-15
 0.185560  9.000000e-18
 0.135314  7.471000e-13
 0.479099  6.200000e-16
 0.202737  2.812800e-16
 0.579416  3.302000e-15
 0.515984  1.100000e-17
 0.162323  1.589000e-17
 0.680984  9.520000e-16
 0.256353  4.596800e-16
 0.175166  6.800000e-17
 1.022875  4.520000e-16
 1.187913  3.733837e-15
 0.364706  8.215100e-15
 0.556216  7.170000e-17
 0.117564  1.247840e-14
 0.538432  1.960200e-15
 0.291468  4.634600e-16
 0.393898  4.307000e-15
 0.558383  7.800000e-17
 0.675646  6.953000e-16
 0.987783  -3.800000e-17
 0.850665  3.083500e-14
 0.273372  1.794100e-15
 3.241029  2.700000e-15
 0.376570  6.685000e-15
 0.282012  5.590000e-16
 1.037931  1.020000e-15
 0.043589  1.430000e-19
 0.400522  3.931300e-15
 0.667486  2.400000e-17
 0.525074  2.817000e-15
 0.592136  3.555000e-15
 0.452801  2.126500e-15
 0.308861  2.170800e-16
 0.424129  2.000000e-14
 0.279767  7.258500e-16
 0.433084  2.570000e-16
 0.909823  5.340000e-17
 0.636414  1.150000e-16
 0.374047  1.681900e-14
 0.789212  8.000000e-17
 1.081164  1.500000e-16
 0.585761  2.019600e-14
 0.216476  4.953320e-15
 1.018453  2.063400e-15
 0.626324  2.880000e-16
 0.419618  9.460000e-16
 1.351236  1.400000e-15
 0.088282  8.100000e-19
 0.564759  6.920000e-15
 0.756892  3.878000e-15
 0.256778  1.970000e-16
 0.294760  1.556000e-16
 2.110974  2.190000e-15
 1.118591  1.445600e-15
 1.382449  9.600490e-16
 1.301908  1.189200e-14
 0.512242  1.739000e-15
 0.471225  8.000000e-17
 0.388481  4.500600e-15
 0.275207  9.998000e-16
 2.283093  1.092000e-14
 0.198335  1.691800e-14
 0.434445  1.210000e-17
 0.823339  1.100000e-16
 0.255496  2.099630e-15
 0.184502  6.240000e-16
 0.657974  4.000000e-15
 0.617308  3.627000e-16
 0.663329  1.206000e-15
 0.006219  1.142230e-19
 0.184528  2.667470e-13
 0.663830  5.643300e-14
 0.967846  6.330000e-15
 0.047762  2.275790e-15
 2.306642  2.180000e-15
 0.427762  3.214000e-14
 0.478231  2.110000e-15
 0.571647  4.032000e-15
 0.981902  5.860000e-15
 0.473026  5.974500e-15
 4.962427  2.110000e-14
 0.619454  8.790000e-15
 0.398292  1.840000e-17
 0.447518  1.508590e-16
 0.728154  1.480000e-16
 0.849236  5.706000e-15
 2.437432  6.800000e-16
 0.848933  8.000000e-16
 2.948390  1.170000e-14
 0.342825  5.297000e-15
 0.261271  1.020000e-16
 0.284351  1.526300e-15
 0.421118  1.501200e-15
 0.458488  1.900000e-18
 0.279729  9.254300e-15
 0.670037  5.663000e-16
 0.506058  2.587000e-15
 2.764209  1.108000e-14
 0.844109  5.580000e-15
 2.483804  9.790000e-16
 0.477991  3.238000e-15
 0.792670  3.103000e-15
 0.543009  5.310000e-15
 0.529906  1.889000e-14
 0.196479  1.529620e-15
 0.280678  3.117700e-14
 0.532699  3.014000e-15
 1.478721  6.100000e-16
 1.565218  3.390000e-14
 0.650434  5.603000e-16
 0.107718  2.159600e-17
 1.238990  1.385400e-14
 0.558179  3.500000e-16
 0.378622  5.051200e-15
 0.627285  1.946100e-14
 0.193340  2.531070e-13
 0.540102  4.300000e-17
 1.253085  3.250000e-15
 0.609962  1.416000e-14
 0.927772  3.790000e-15
 0.259363  5.125000e-15
 0.295699  7.526000e-16
 0.628903  1.234000e-15
 2.951938  1.480000e-14
 0.644301  2.813000e-15
 1.213381  5.986000e-15
 0.276603  3.100000e-18
 0.507380  7.235000e-16
 0.455769  1.471360e-14
 0.127501  6.338500e-15
 0.842790  1.672580e-14
 0.399170  9.000000e-17
 0.653099  6.020000e-16
 0.288349  6.110000e-16
 0.213075  5.470100e-14
 0.492344  3.156000e-15
 0.701615  8.850000e-15
 0.278729  6.740000e-18
 0.529156  1.910000e-15
 0.315225  9.865980e-14
 0.285625  3.334400e-13
 0.292408  2.229000e-15
 0.394946  7.434300e-15
 4.630188  6.390000e-15
 0.295580  4.280000e-15
 1.096806  8.892000e-16
 1.672596  2.710000e-16
 0.935772  2.370000e-16
 0.068180  8.316700e-14
 0.366734  3.943000e-15
 1.023504  2.400000e-16
 0.353263  2.200000e-17
 0.707868  7.420000e-16
 0.501730  4.800000e-16
 0.570290  2.080500e-15
 0.763915  4.275100e-14
 0.785441  2.769500e-15
 0.306368  3.020000e-15
 0.963348  1.030000e-15
 0.009348  2.450000e-20
 0.459605  1.120100e-15
 1.175840  3.600000e-16
 2.760228  8.200000e-15
 0.463330  8.600000e-17
 0.386625  5.070600e-14
 0.154991  1.449890e-15
 0.179485  2.746100e-15
 0.045249  8.170000e-19
 0.007987  2.428000e-20
 0.263377  9.826000e-17
 1.748301  5.290000e-15
 1.498637  3.660000e-15
 0.390739  1.230600e-14
 0.782949  1.700000e-16
 0.668105  3.640000e-14
 0.842104  1.348000e-15
 0.412985  5.529000e-15
 0.840739  6.370000e-15
 0.286757  1.604500e-15
 0.355655  1.157000e-15
 0.739682  4.998210e-15
 0.088922  9.169800e-15
 0.339038  2.121000e-15
 0.943871  6.100000e-16
 0.200384  4.848000e-16
 0.301511  3.440000e-16
 2.040532  1.920000e-15
 0.128694  6.851210e-15
 0.973458  2.755000e-14
 0.150658  1.536529e-12
 0.454839  9.250000e-16
 0.148796  2.882900e-15
 0.286646  6.098000e-15
 0.650837  2.155000e-16
 0.007947  -3.330000e-21
 0.005554  4.122000e-20
 0.040935  2.731000e-20
 1.389605  3.300000e-15
 0.395353  2.003500e-15
 0.078219  3.895005e-14
 1.116049  3.564700e-13
 1.011694  1.617400e-14
 0.280349  1.160000e-16
 0.301888  1.230000e-16
 2.417582  1.907000e-14
 1.048705  1.128000e-14
 0.526556  3.955000e-16
 0.891265  8.100000e-16
 0.822249  4.100000e-15
 0.278957  4.683000e-15
 0.356849  9.630000e-17
 0.084202  1.374060e-14
 1.124836  7.795600e-16
 0.443825  6.500000e-17
 1.368881  1.426000e-15
 0.289689  1.542900e-15
 0.432866  4.070500e-15
 0.566734  1.433800e-14
 0.307178  2.716000e-15
 0.881438  1.910000e-15
 0.037904  2.422622e-18
 1.528124  4.172000e-15
 0.430464  2.780000e-15
 0.276726  1.420000e-15
 0.843980  7.120000e-15
 0.506568  4.200000e-17
 1.004958  7.280000e-16
 0.243392  4.849300e-15
 0.612916  4.200000e-16
 0.295838  7.502000e-14
 0.599245  3.968000e-15
 1.207568  7.780000e-14
 0.748448  4.324800e-16
 0.709064  8.795400e-16
 0.644255  1.013200e-14
 0.377119  5.201800e-14
 0.178554  6.070000e-17
 0.580840  1.180000e-14
 0.242190  5.940000e-16
 0.145655  8.000000e-19
 0.602738  4.047000e-15
 0.170934  1.073600e-14
 0.288347  1.410892e-14
 0.497772  4.700000e-17
 0.749659  1.777400e-14
 1.421124  9.350000e-16
 1.081328  1.565000e-14
 3.418039  3.120000e-14
 0.532578  6.937020e-16
 0.518110  6.223200e-17
 0.994681  1.042000e-14
 0.329187  3.301200e-16
 0.594575  6.040000e-15
 0.257056  1.019160e-15
 0.957242  2.047900e-14
 0.192601  5.062326e-15
 0.194454  2.125200e-15
 2.559357  7.200000e-16
 0.288457  6.237100e-14
 0.819990  1.594000e-14
 0.864227  6.958000e-14
 0.283070  1.596300e-15
 0.778313  3.009390e-15
 0.141909  1.242500e-16
 0.496077  2.795000e-15
 0.014842  1.564000e-20
 0.327418  1.019400e-15
 0.341403  8.400000e-17
 1.013609  4.750000e-15
 0.658013  2.560000e-16
 0.421816  3.060926e-16
 0.342723  2.540000e-15
 1.279402  1.296000e-14
 1.018393  2.298400e-16
 0.481119  1.362500e-14
 0.786468  2.615000e-15
 1.296850  1.950000e-15
 0.666438  5.400000e-16
 0.182492  5.165800e-15
 0.483311  3.784000e-15
 0.382376  6.320000e-16
 0.457502  1.923100e-14
 0.655221  6.629000e-15
 1.206801  2.359570e-15
 0.407292  1.585100e-16
 0.231694  4.949430e-13
 1.534008  7.440000e-15
 0.572592  2.900000e-17
 2.477568  1.584370e-15
 0.360958  3.377000e-16
 0.791526  1.999300e-15
 1.219594  1.908000e-14
 1.025831  2.891000e-14
 3.428466  1.812900e-14
 0.069357  1.351000e-13
 0.203553  1.992600e-15
 1.084020  1.303000e-14
 0.371924  7.680000e-16
 0.916938  1.564900e-15
 0.265072  3.070000e-16
 1.072968  1.708000e-14
 1.276446  2.580711e-15
 0.011076  6.709300e-19
 0.364590  1.022000e-15
 0.725732  4.209000e-14
 0.448723  4.148000e-15
 2.355278  4.430000e-16
 0.460339  1.676200e-14
 0.370141  8.278800e-15
 0.293928  1.747600e-14
 0.490857  3.930000e-16
 0.612331  3.641000e-15
 0.352464  7.380000e-16
 0.865971  1.240000e-15
 4.137539  1.753000e-14
 0.006001  1.000000e-20
 0.559071  1.417800e-14
 0.575971  2.228700e-14
 1.709154  7.602000e-14
 0.813453  6.504250e-13
 0.436507  6.202600e-15
 0.710830  7.689300e-14
 0.352142  3.787700e-15
 0.490507  1.193170e-16
 1.594746  3.600000e-15
 0.671964  8.790000e-15
 0.529121  1.368000e-15
 1.204644  2.071000e-14
 0.430367  1.506000e-15
 0.771367  3.620000e-15
 0.118771  3.187900e-15
 0.154027  5.920400e-14
 1.165741  4.440000e-15
 1.121944  2.500000e-17
 0.278137  5.150410e-14
 0.340503  2.650000e-15
 0.587559  1.500000e-17
 0.264558  2.887900e-15
 0.003163  2.827000e-21
 0.178352  8.061000e-16
 0.517405  4.202660e-14
 0.739099  3.340000e-16
 1.091008  4.110000e-17
 0.004622  1.849000e-20
 1.347899  8.283000e-15
 0.717508  2.997400e-14
 0.455060  2.009020e-14
 0.410861  8.130000e-17
 0.387690  1.780431e-15
 0.840680  1.100000e-16
 0.231603  1.127530e-13
 1.785611  1.700000e-15
 0.719455  3.530590e-15
 0.629632  1.854000e-15
 0.164950  2.374560e-14
 1.015257  6.000000e-16
 0.870712  4.400000e-17
 0.557019  4.974000e-14
 0.297692  6.550000e-15
 0.613571  1.698000e-15
 1.749552  3.202700e-15
 0.308918  1.980000e-17
 0.309398  1.669000e-17
 0.380870  1.606100e-14
 0.973394  3.037100e-15
 0.844081  4.812000e-15
 0.517443  8.190000e-15
 0.635056  1.812000e-15
 0.890534  2.070000e-15
 0.915803  6.500000e-16
 1.703739  3.158760e-15
 0.305037  2.786000e-15
 0.612558  4.810000e-15
 0.419280  1.500000e-17
 3.059510  3.450000e-15
 0.791822  1.675900e-16
 1.273945  1.300000e-16
 0.542936  3.660000e-17
 0.609607  8.205000e-15
 1.166449  4.279000e-14
 0.640958  6.177000e-16
 0.474381  1.710000e-16
 0.353293  2.500000e-17
 1.358307  4.712830e-15
 0.578363  1.078000e-15
 0.005242  -1.322000e-19
 0.003594  -3.501000e-19
 0.003806  -3.200000e-20
 0.291341  5.596000e-17
 2.454609  1.114300e-14
 0.322909  5.193000e-16
 0.390328  3.780000e-16
 0.182136  5.234480e-14
 0.240524  2.237763e-13
 2.123506  3.300000e-15
 0.804341  1.731000e-15
 1.211785  6.598290e-16
 1.747293  1.430000e-14
 1.396401  5.080400e-15
 0.306323  9.100000e-16
 0.298987  4.137877e-15
 0.255426  1.075670e-15
 0.854482  1.927000e-14
 0.318941  6.060310e-14
 0.861067  3.471000e-14
 0.586287  3.000000e-15
 0.616979  6.506000e-15
 0.581017  1.925000e-15
 0.890594  5.696000e-15
 0.266474  1.560300e-15
 0.692113  4.203200e-15
 1.225782  8.600000e-15
10.999035  1.944000e-11
 1.191024  1.880000e-15
 0.653054  6.309850e-15
 0.447857  2.267500e-15
 0.586986  7.860000e-15
 1.735898  8.000000e-16
 0.102459  9.298454e-14
 0.286561  1.020000e-16
 0.868804  1.102460e-15
 0.465365  7.413000e-15
 0.899218  1.549400e-14
 0.255360  1.279300e-15
 0.004570  8.538000e-21
 1.600114  1.774100e-13
 0.779628  1.500000e-16
 0.278481  3.768800e-14
 2.072153  3.010000e-15
 0.630314  1.797000e-14
 0.656299  9.803600e-15
 0.682419  5.293000e-15
 1.149499  8.200000e-16
 0.397857  1.223000e-14
 0.349929  1.750000e-15
 0.321793  1.957000e-16
 0.074670  1.322167e-14
 0.189094  1.667600e-15
 0.235475  3.921000e-16
 1.615664  7.000000e-16
 0.477715  8.279800e-17
 1.565601  5.798000e-15
 0.620448  7.459990e-16
 0.351125  3.270000e-17
 1.004037  1.624000e-15
 0.404040  1.283000e-16
 0.003497  5.900000e-21
 0.280424  2.518617e-14
 0.477158  6.462600e-16
 0.399183  4.464700e-15
 0.236173  1.085450e-14
 0.202722  8.007500e-15
 1.221708  2.110000e-14
 1.032471  1.500000e-14
 2.062386  2.300000e-14
 1.465071  2.790000e-15
 1.110132  1.216751e-12
 0.287432  1.440000e-15
 0.386004  1.122656e-15
 0.615538  7.200000e-17
 0.008123  2.021000e-20
 0.139460  8.482941e-14
 0.829829  1.636260e-13
 0.483770  1.818000e-16
 2.184001  1.300000e-15
 0.627981  1.283800e-14
 0.005313  1.380000e-20
 0.871683  4.270300e-17
 1.245915  4.100000e-15
 0.337586  1.504650e-14
 0.839394  4.210000e-16
 1.169008  2.278980e-12
 0.419335  1.214735e-15
 0.350963  2.608000e-14
 0.502803  1.570000e-15
 0.768672  3.733400e-14
 0.450432  1.387560e-13
 0.397585  6.121400e-15
 0.443398  8.186100e-14
 0.768499  7.949110e-16
 1.215698  8.170000e-17
 0.322882  7.879790e-15
 0.114368  1.140145e-14
 0.239317  2.178100e-15
 0.529441  1.858360e-14
 0.877561  1.970000e-16
 0.154087  2.146510e-14
 0.803050  1.451320e-15
 0.606666  4.658700e-13
 0.570310  2.549690e-14
 0.003650  1.680000e-19
 1.360738  1.840300e-15
 2.043082  2.274710e-15
 3.904506  1.626000e-14
 0.892959  1.480000e-16
 0.223558  6.342000e-16
 1.893749  8.990000e-15
 0.512211  1.931300e-15
 0.412401  3.380000e-17
 0.444645  1.556000e-15
 0.405337  4.775200e-16
 2.414576  1.207753e-13
 0.193105  1.056750e-14
 0.306167  7.834000e-16
 0.004075  8.940500e-21
 1.757206  2.376700e-15
 1.683507  8.327000e-16
 1.066061  2.122400e-14
 1.045407  6.310000e-16
 0.019376  9.500000e-20
 0.367429  1.066784e-14
 1.058148  8.000000e-16
 2.780079  2.370000e-15
 0.098813  6.136000e-14
 0.394133  1.212692e-15
 0.288603  4.002200e-16
 0.442838  1.113100e-16
 0.011563  -3.400000e-20
 0.008436  -6.060000e-19
 1.335388  1.720000e-15
 0.609874  7.870670e-15
 1.332310  2.120000e-15
 0.712794  1.079700e-14
 0.910363  1.965200e-16
 0.684014  3.810000e-17
 0.394836  2.645000e-15
 0.548225  8.897000e-15
 0.742352  1.291100e-15
 0.409051  6.000000e-16
 0.562558  8.129130e-15
 0.640229  3.468000e-15
 0.528336  1.411502e-14
 2.391397  1.564100e-15
 1.175968  9.019300e-14
 0.261955  1.400000e-17
 0.670480  2.847400e-16
 0.185310  7.820000e-16
 0.234100  1.291928e-14
 0.008870  2.630000e-20
 0.947256  7.200000e-16
 0.430278  9.560000e-16
 2.107263  1.550000e-15
 1.202893  5.170000e-15
 0.254720  9.340000e-17
 2.843389  1.857000e-14
 0.460974  1.087242e-14
 0.810718  1.074400e-14
 0.558889  3.762000e-15
 0.956549  9.959200e-14
 0.574400  4.628470e-15
 0.921491  3.310100e-15
 2.550498  1.800000e-16
 1.108725  7.030000e-16
 0.415796  1.128820e-13
 0.124924  1.279057e-13
 1.081908  3.293100e-15
 0.554262  2.109000e-15
 0.514671  5.640000e-16
 0.569007  8.562000e-15
 2.864338  1.517000e-14
 0.133617  1.341047e-13
 0.334415  1.711300e-17
 0.023101  4.671000e-19
 0.570511  1.430000e-16
 0.009343  4.089000e-20
 0.218712  9.994550e-16
 0.454651  9.690000e-16
 0.405769  8.394000e-15
 0.357807  1.755500e-15
 0.522618  1.408770e-15
 0.879791  1.700000e-17
 0.481789  1.214000e-13
 0.163727  2.879930e-17
 0.827776  1.217251e-14
 0.876044  1.240200e-15
 7.494782  4.222000e-10
 0.918410  1.707608e-14
 0.364912  7.049400e-15
 0.313886  1.521000e-16
 0.895285  5.240000e-15
 0.082747  2.553546e-14
 0.434811  7.280000e-15
 0.702414  3.821870e-15
 0.860388  1.200000e-16
 0.153716  5.200000e-17
 0.032822  1.510000e-19
 0.261049  3.830000e-16
 0.461712  2.700000e-15
 0.924945  1.608000e-15
 0.104182  1.800000e-18
 0.557464  6.315000e-15
 0.064667  4.400000e-14
 0.793903  3.599630e-15
 1.205366  1.907710e-14
 0.538341  9.824500e-16
 1.223352  2.389300e-14
 0.931089  2.548710e-15
 0.426466  2.081000e-15
 0.751261  1.660380e-15
 0.957464  6.333000e-15
 3.975845  7.430600e-13
 1.249924  3.630000e-14
 0.782313  7.262100e-15
 0.592885  6.641100e-17
 0.387017  2.046500e-15
 0.384487  5.802000e-16
 0.291489  2.038710e-15
 0.939690  4.110000e-15
 0.551134  9.676000e-15
 1.060364  3.592000e-16
 1.788490  2.590000e-15
 0.226539  7.900000e-18
 0.598076  6.331370e-15
 0.921460  4.495220e-15
 0.309905  9.360900e-17
 1.366682  8.695000e-16
 1.362817  1.747200e-15
 0.214771  9.068900e-16
 1.874269  1.354390e-15
 0.456512  4.586400e-16
 0.752907  2.267340e-16
 0.759777  1.131470e-15
 0.279829  1.378000e-15
 0.617107  9.600000e-15
 1.636792  2.800000e-16
 0.005440  3.384140e-18
 0.378596  3.218000e-17
 0.284054  2.927040e-15
 0.435759  3.554470e-15
 0.362492  5.379300e-15
 0.359394  3.923000e-16
 0.189335  5.231260e-15
 0.003054  1.618745e-18
 0.778949  8.761600e-16
 0.768984  5.228530e-14
 0.279187  2.267839e-14
 2.093136  4.910340e-15
 0.101466  7.506081e-14
 0.382073  1.085000e-15
 0.512548  7.227000e-15
 0.245757  1.002318e-15
 0.741640  7.286000e-16
 0.072052  1.480952e-14
 0.860332  9.950000e-16
 0.318401  4.789000e-15
 0.307133  5.551740e-15
 0.405043  6.002513e-14
 6.221553  4.775000e-14
 2.857941  5.500000e-15
 2.165679  2.990000e-15
 0.744295  3.708900e-14
 0.647293  6.387960e-14
 0.330354  4.202030e-15
 0.686704  4.156530e-14
 0.483459  1.235000e-14
 0.085284  9.170719e-15
 0.633640  5.270000e-16
 1.889436  2.700000e-16
 0.520954  1.430000e-17
 0.290108  7.194700e-17
 0.487914  1.828000e-15
 0.358306  4.690000e-17
 0.305830  4.045598e-14
 0.859192  2.139000e-14
 0.302448  5.918700e-15
 0.165907  2.061061e-14
 0.354237  1.660950e-15
 0.562711  1.179902e-14
 1.963532  6.200000e-15
 0.617037  1.684510e-15
 0.201063  3.304800e-15
 0.096294  4.517240e-14
 1.905809  7.720400e-16
 1.876019  3.651000e-14
 0.618358  5.495000e-15
 0.380831  1.156600e-13
 1.218354  3.080000e-15
 0.238778  1.252000e-14
 0.520940  7.694000e-15
 0.585319  3.308000e-15
 0.484914  1.320000e-16
 0.449548  3.638000e-15
 1.652862  1.494818e-15
 0.381319  1.089010e-15
 0.204068  5.890000e-14
 0.186147  6.391100e-15
11.765730  4.133000e-11
 0.471604  2.290000e-16
 1.054228  6.722000e-15
 1.839944  5.087600e-16
 0.526682  2.194000e-14
 0.344643  1.049310e-14
 0.782598  2.490000e-16
 0.132314  1.040000e-15
 0.754963  8.540000e-16
 0.375463  1.872300e-15
 0.507722  1.674044e-14
 0.525049  1.010000e-14
 0.991027  3.914538e-15
 0.255699  9.705520e-15
 0.207636  8.860000e-15
 0.486751  1.132600e-14
 0.104695  3.666000e-16
 0.323598  7.097060e-12
 0.597769  5.170724e-14
 0.957991  1.093300e-14
 0.778164  4.645000e-15
 0.328665  2.721000e-16
 0.659432  5.251820e-15
 0.297770  1.409000e-17
 4.308190  2.328195e-14
 0.542155  2.797000e-14
 0.668408  2.203000e-14
 1.451319  4.623982e-14
 1.081844  3.590000e-16
 0.345582  1.492424e-15
 0.284697  1.089018e-15
 1.205303  1.151990e-14
 2.180195  9.695490e-14
 1.326149  1.000000e-16
 0.336337  8.770600e-17
 0.275578  2.139000e-14
 0.126400  6.111000e-16
 0.573197  6.388700e-16
 1.146595  4.161180e-15
 1.678106  9.300000e-16
 0.345401  2.400000e-16
 0.267440  2.083581e-13
 0.420252  3.700000e-17
 0.356929  5.459000e-17
 0.630983  1.403400e-14
 0.415823  4.027190e-14
 0.349951  6.931100e-15
 0.005362  1.783630e-20
 3.687219  1.055000e-14
 0.745828  4.610000e-15
 0.933972  3.925500e-15
 0.374262  5.705000e-15
 0.612209  2.045340e-16
 1.279193  1.860000e-15
 0.288219  2.357457e-15
 0.655450  7.459300e-15
 2.663080  1.316000e-13
 0.643999  2.287200e-15
 1.830857  1.310000e-16
 1.781928  1.638290e-15
 1.956858  8.230000e-16
 0.746577  1.287517e-14
 0.673500  7.706380e-15
 0.487813  2.100000e-16
 0.729304  4.033060e-15
 0.651185  4.450000e-16
 0.431887  3.401400e-15
 0.139525  1.180580e-16
 0.071095  1.100000e-19
 0.263345  1.731700e-14
 1.856570  2.760000e-16
 0.750808  7.423600e-16
 0.989707  1.352180e-13
 0.648040  4.941600e-15
 0.643181  3.051640e-15
 0.267275  2.135599e-15
 0.775345  1.320000e-16
 1.019093  2.054000e-16
 1.138403  3.150000e-15
 0.574698  6.710000e-16
 0.226107  9.429550e-14
 5.168918  7.783000e-11
 0.827097  1.948000e-15
 1.235757  5.407070e-16
 0.846793  9.800000e-16
 0.291021  2.585600e-15
 0.212353  8.245900e-16
 0.185397  2.386500e-15
 0.336555  3.487120e-14
 0.830270  9.800000e-17
 1.016948  5.518560e-15
 0.989831  5.525330e-15
 0.755993  2.058000e-14
 0.222949  3.580500e-14
 0.283640  2.639660e-15
 0.996108  2.190000e-16
 0.542451  9.700000e-17
 2.330263  4.471100e-15
 0.452867  1.920000e-15
 2.712423  6.122000e-15
 1.441742  8.229730e-15
 0.504605  2.187340e-15
 0.003266  3.070000e-21
 0.008358  -7.990000e-19
 0.005277  2.200000e-21
 0.009035  9.630000e-19
 0.004572  -4.370000e-19
 0.460406  1.310000e-17
 0.003626  1.416000e-20
 0.409349  1.576200e-14
 2.232969  1.017751e-14
 0.621976  2.250000e-16
 1.616130  2.789040e-13
 0.134409  4.569600e-15
 1.241965  4.320000e-16
 0.035909  3.367680e-15
 0.306069  5.016000e-15
 0.521473  8.035320e-16
 0.825936  4.068010e-15
 0.600997  6.555000e-16
 1.542704  3.306000e-15
 0.404540  1.525138e-14
 0.059030  8.627130e-18
 1.616231  4.055000e-16
 0.270254  2.518463e-15
 0.628970  3.400000e-17
 0.281842  3.649100e-15
 0.194631  7.197820e-15
 0.425897  2.864940e-15
 1.181023  2.123644e-13
 0.370883  2.543000e-15
 0.007646  2.400000e-20
 1.272260  7.669780e-15
 1.603984  5.890000e-16
 0.509886  1.560000e-16
 0.785522  3.436000e-17
 0.618183  5.600660e-15
 0.821035  8.955100e-16
 0.760681  5.000000e-17
 1.337302  1.348207e-15
 1.172763  6.487500e-16
 1.077924  8.180300e-15
 0.547209  4.300000e-17
 0.237790  2.090000e-15
 1.074078  2.458920e-15
 1.324922  2.194800e-16
 0.579823  1.799440e-14
 1.346012  1.430000e-15
 0.482766  1.160000e-16
 0.298313  2.243000e-15
 1.431066  7.710000e-16
 1.220470  2.360000e-15
 0.760032  3.661000e-15
 0.136855  7.505700e-13
 0.314355  5.014800e-15
 0.226518  1.157359e-15
 0.268217  4.217060e-15
 0.144470  5.757180e-14
 0.571420  2.840000e-16
 0.928324  3.182000e-16
 0.813690  8.109800e-15
 0.358738  6.002524e-15
 0.654408  3.780000e-16
 0.967338  4.039000e-15
 0.200980  6.429167e-16
 0.001558  1.051212e-19
 0.645302  1.827100e-14
 0.905394  9.962000e-16
 0.402858  9.561486e-16
 0.696262  1.010000e-16
 0.446226  4.659000e-16
 0.972429  1.655686e-15
 1.996899  7.300000e-16
 0.841158  9.861900e-16
 1.068708  2.420000e-16
 1.045632  5.346600e-16
 0.440618  2.409200e-17
 1.334450  8.890000e-16
 0.435060  2.197000e-14
 0.959448  1.488340e-15
 1.480744  4.780000e-16
 0.717311  7.061200e-15
 0.957617  3.270565e-15
 5.094083  3.031000e-15
 0.275026  1.281500e-16
 0.039531  5.844752e-15
 0.851890  2.865000e-15
 0.426677  1.711000e-18
 0.006133  2.973900e-20
 0.518938  1.372366e-15
 0.303911  2.199000e-16
 0.307683  3.109890e-15
 0.001607  1.685150e-20
 0.276497  2.250000e-16
 0.696761  1.051390e-13
 0.905067  1.738783e-15
 2.111265  7.455040e-14
 2.279661  2.566260e-14
 0.580871  4.601000e-17
 0.325724  1.370000e-16
 0.589196  5.395000e-15
 0.230194  8.851045e-15
 2.303299  5.100000e-16
 0.537143  9.955500e-16
 0.557953  1.481058e-16
 0.003935  7.023700e-21
 0.103722  9.560000e-14
 0.343402  1.894195e-15
 0.529197  3.063370e-15
 0.372619  2.512052e-15
 0.398173  2.028000e-16
 1.216805  1.231961e-14
 0.630513  8.853500e-16
 0.005949  1.100000e-20
 2.074377  2.040000e-15
 0.618715  4.502400e-15
 1.424568  9.441800e-16
 1.577286  4.134000e-15
 0.096131  1.270000e-15
 1.392715  6.300000e-16
 1.138286  1.823180e-16
 0.476735  1.112160e-14
 1.546938  1.471483e-15
 0.283901  1.516000e-17
 1.961572  1.095816e-14
 0.004509  1.273700e-20
 0.341336  1.957000e-16
 0.815181  1.340139e-15
 0.221508  3.691271e-16
 0.414871  8.621000e-17
 1.423102  3.503000e-15
 1.202852  2.622965e-15
 1.014685  7.146120e-16
 0.440153  2.892630e-16
 0.694053  7.680100e-16
 0.004931  2.054000e-20
 0.325771  2.260000e-16
 0.110665  -2.107000e-17
 0.056133  9.560000e-18
 0.004803  -1.075000e-17
 0.004651  1.780000e-19
 0.004027  3.200000e-20
 0.037660  2.000000e-18
 0.006743  2.400000e-20
 0.003726  2.074000e-20
 0.030529  4.990000e-18
 1.083514  1.421000e-15
 8.509827  4.960000e-16
 0.016052  2.986000e-20
 0.380140  1.681000e-16
 0.332206  1.010598e-14
 1.030002  1.240890e-15
 1.373654  4.230000e-15
 0.498149  1.420000e-17
 1.525266  3.432560e-15
 0.938014  9.000000e-16
 1.004593  4.951700e-16
 0.374196  2.367230e-15
 0.538469  2.765209e-15
 0.281399  6.170000e-18
 0.682538  9.659180e-15
 0.002978  1.460000e-21
 0.051624  7.827000e-14
 0.443055  2.255340e-15
 1.358745  2.220000e-16
 0.059767  1.576000e-19
 1.664501  4.823850e-15
 0.477233  6.593500e-16
 0.792236  6.650000e-17
 0.368246  5.752950e-15
 6.978948  4.843000e-13
 1.206404  2.040000e-15
 1.575886  2.892500e-15
 1.066371  5.690900e-16
 0.535829  8.700000e-18
 0.475068  1.994910e-16
 0.349434  1.123699e-16
 0.003445  2.420000e-21
 1.444653  1.047047e-15
 2.256488  7.036890e-15
 0.004808  9.700000e-21
 2.347485  2.600000e-15
 1.436310  2.825460e-15
 0.233652  3.525632e-16
 1.643622  4.630380e-15
 0.495300  1.917432e-13
 1.181463  1.363050e-15
 0.944784  1.626279e-14
